#
# There is insufficient memory for the Java Runtime Environment to continue.
# Native memory allocation (malloc) failed to allocate 1501936 bytes for Chunk::new
# Possible reasons:
#   The system is out of physical RAM or swap space
#   The process is running with CompressedOops enabled, and the Java Heap may be blocking the growth of the native heap
# Possible solutions:
#   Reduce memory load on the system
#   Increase physical memory or swap space
#   Check if swap backing store is full
#   Decrease Java heap size (-Xmx/-Xms)
#   Decrease number of Java threads
#   Decrease Java thread stack sizes (-Xss)
#   Set larger code cache with -XX:ReservedCodeCacheSize=
#   JVM is running with Unscaled Compressed Oops mode in which the Java heap is
#     placed in the first 4GB address space. The Java Heap base address is the
#     maximum limit for the native heap growth. Please use -XX:HeapBaseMinAddress
#     to set the Java Heap base and to place the Java Heap above 4GB virtual address.
# This output file may be truncated or incomplete.
#
#  Out of Memory Error (arena.cpp:189), pid=12836, tid=13840
#
# JRE version: Java(TM) SE Runtime Environment (17.0.12+8) (build 17.0.12+8-LTS-286)
# Java VM: Java HotSpot(TM) 64-Bit Server VM (17.0.12+8-LTS-286, mixed mode, sharing, tiered, compressed oops, compressed class ptrs, g1 gc, windows-amd64)
# No core dump will be written. Minidumps are not enabled by default on client versions of Windows
#

---------------  S U M M A R Y ------------

Command Line: -XX:MaxMetaspaceSize=512m --add-opens=java.base/java.util=ALL-UNNAMED --add-opens=java.base/java.lang=ALL-UNNAMED --add-opens=java.base/java.lang.invoke=ALL-UNNAMED --add-opens=java.prefs/java.util.prefs=ALL-UNNAMED --add-exports=jdk.compiler/com.sun.tools.javac.api=ALL-UNNAMED --add-exports=jdk.compiler/com.sun.tools.javac.util=ALL-UNNAMED --add-opens=java.base/java.nio.charset=ALL-UNNAMED --add-opens=java.base/java.net=ALL-UNNAMED --add-opens=java.base/java.util.concurrent.atomic=ALL-UNNAMED -Xmx2048m -Dfile.encoding=windows-1251 -Duser.country=RU -Duser.language=ru -Duser.variant -javaagent:C:\gradle\gradle-8.10.2\wrapper\dists\gradle-8.10.2-all\7iv73wktx1xtkvlq19urqw1wm\gradle-8.10.2\lib\agents\gradle-instrumentation-agent-8.10.2.jar org.gradle.launcher.daemon.bootstrap.GradleDaemon 8.10.2

Host: Intel(R) Core(TM) i3-10105F CPU @ 3.70GHz, 8 cores, 15G,  Windows 10 , 64 bit Build 19041 (10.0.19041.5198)
Time: Sat Jan  4 21:43:01 2025 RTZ 2 (s 10 , 64 bit Build 19041 (10.0.19041.5198) elapsed time: 111.569248 seconds (0d 0h 1m 51s)

---------------  T H R E A D  ---------------

Current thread (0x000001edf8b96e70):  JavaThread "C2 CompilerThread0" daemon [_thread_in_native, id=13840, stack(0x0000008183c00000,0x0000008183d00000)]


Current CompileTask:
C2: 111569 12835   !   4       java.util.jar.JarFile::getManifestFromReference (197 bytes)

Stack: [0x0000008183c00000,0x0000008183d00000]
Native frames: (J=compiled Java code, j=interpreted, Vv=VM code, C=native code)
V  [jvm.dll+0x67a04a]
V  [jvm.dll+0x7da4ed]
V  [jvm.dll+0x7dbe33]
V  [jvm.dll+0x7dc4a3]
V  [jvm.dll+0x24508f]
V  [jvm.dll+0xab773]
V  [jvm.dll+0xabd3c]
V  [jvm.dll+0x361b9f]
V  [jvm.dll+0x32c431]
V  [jvm.dll+0x32b8ca]
V  [jvm.dll+0x21683f]
V  [jvm.dll+0x215c6f]
V  [jvm.dll+0x1a2960]
V  [jvm.dll+0x22610b]
V  [jvm.dll+0x2242ab]
V  [jvm.dll+0x79075c]
V  [jvm.dll+0x78abea]
V  [jvm.dll+0x678f35]
C  [ucrtbase.dll+0x21bb2]
C  [KERNEL32.DLL+0x17374]
C  [ntdll.dll+0x4cc91]


---------------  P R O C E S S  ---------------

Threads class SMR info:
_java_thread_list=0x000001ed9b8116f0, length=146, elements={
0x000001edda932400, 0x000001edf8b68a70, 0x000001edf8b696f0, 0x000001edf8b85ce0,
0x000001edf8b868b0, 0x000001edf8b88990, 0x000001edf8b893b0, 0x000001edf8b96e70,
0x000001edf8b97ee0, 0x000001edf8b8b210, 0x000001edf8b8a2e0, 0x000001edf8b8a7f0,
0x000001edf8b8b720, 0x000001edf8b8bc30, 0x000001edf8b89dd0, 0x000001edf8b88480,
0x000001edf8b88ea0, 0x000001edfe98dc80, 0x000001edfe989fc0, 0x000001edfe98f5d0,
0x000001edfe98a4d0, 0x000001edfe98e190, 0x000001edfe98a9e0, 0x000001edfe98cd50,
0x000001edfe98ebb0, 0x000001edfe98e6a0, 0x000001edfe98f0c0, 0x000001edfe990500,
0x000001edfe98fae0, 0x000001edfe98c840, 0x000001edfe990a10, 0x000001edfe98aef0,
0x000001edfe98fff0, 0x000001edfe989ab0, 0x000001edfe98d770, 0x000001edf8b898c0,
0x000001edfe98be20, 0x000001edff7fad30, 0x000001edff7fd0a0, 0x000001edff7f7fa0,
0x000001edff7fef00, 0x000001edff7fc680, 0x000001edff7fe4e0, 0x000001edff7f7a90,
0x000001edff7fdfd0, 0x000001edff7f84b0, 0x000001edff7f98f0, 0x000001edff7f9e00,
0x000001edff7fb750, 0x000001edff7fbc60, 0x000001edff7fd5b0, 0x000001edff7fdac0,
0x000001edff7ff410, 0x000001edff7f89c0, 0x000001edff7fc170, 0x000001edff7f8ed0,
0x000001edff7f93e0, 0x000001edff7fcb90, 0x000001edff7fa310, 0x000001edfef84850,
0x000001edfef875e0, 0x000001edfef84d60, 0x000001edfef85270, 0x000001edfef83920,
0x000001edfef81ac0, 0x000001edfef84340, 0x000001edfef85c90, 0x000001edfef85780,
0x000001edfef88510, 0x000001edfef87af0, 0x000001edfef86bc0, 0x000001edfef81fd0,
0x000001edfef824e0, 0x000001edfef83410, 0x000001edfef870d0, 0x000001edfef83e30,
0x000001edfef88000, 0x000001edfef82f00, 0x000001edfef88a20, 0x000001edfec823e0,
0x000001edfec828f0, 0x000001edfec84240, 0x000001edfec86ac0, 0x000001edfec85170,
0x000001edfec84c60, 0x000001edfec84750, 0x000001edfec83820, 0x000001edfec80fa0,
0x000001edfec86fd0, 0x000001edfec874e0, 0x000001edfec819c0, 0x000001edfec82e00,
0x000001edfec81ed0, 0x000001edfec85680, 0x000001edfec83310, 0x000001edfec80580,
0x000001edfec80a90, 0x000001edfec865b0, 0x000001edfec814b0, 0x000001edfec83d30,
0x000001ed9d4abe70, 0x000001ed9d4ab960, 0x000001ed9d4aec00, 0x000001ed9d4ac380,
0x000001ed9d4ac890, 0x000001ed9d4ad2b0, 0x000001ed9d4acda0, 0x000001ed9d4ad7c0,
0x000001ed9d4ae6f0, 0x000001ed9d4adcd0, 0x000001edfec860a0, 0x000001ed9bba1e00,
0x000001ed9bba4170, 0x000001ed9bba3240, 0x000001ed9bba0ed0, 0x000001ed9bba09c0,
0x000001ed9bb9ffa0, 0x000001ed9bba13e0, 0x000001ed9bba50a0, 0x000001ed9bba4b90,
0x000001ed9bb9f580, 0x000001ed9bba18f0, 0x000001ed9bb9fa90, 0x000001ed9bba04b0,
0x000001ed9bba5ac0, 0x000001ed9bb9f070, 0x000001ed9bba2310, 0x000001ed9bba3c60,
0x000001ed9bba55b0, 0x000001ed9bba3750, 0x000001ed9bba4680, 0x000001ed9bba5fd0,
0x000001ed9bba64e0, 0x000001ed9bba2d30, 0x000001edff7fe9f0, 0x000001edf8b8ad00,
0x000001ed9d597d80, 0x000001ed9d595500, 0x000001ed9d593190, 0x000001ed9d595a10,
0x000001ed9d591d50, 0x000001ed9d596e50, 0x000001ed9d591330, 0x000001ed9d590910,
0x000001ed9d596430, 0x000001ed9d597360
}

Java Threads: ( => current thread )
  0x000001edda932400 JavaThread "main" [_thread_blocked, id=18736, stack(0x0000008182f00000,0x0000008183000000)]
  0x000001edf8b68a70 JavaThread "Reference Handler" daemon [_thread_blocked, id=19820, stack(0x0000008183600000,0x0000008183700000)]
  0x000001edf8b696f0 JavaThread "Finalizer" daemon [_thread_blocked, id=11400, stack(0x0000008183700000,0x0000008183800000)]
  0x000001edf8b85ce0 JavaThread "Signal Dispatcher" daemon [_thread_blocked, id=4456, stack(0x0000008183800000,0x0000008183900000)]
  0x000001edf8b868b0 JavaThread "Attach Listener" daemon [_thread_blocked, id=12852, stack(0x0000008183900000,0x0000008183a00000)]
  0x000001edf8b88990 JavaThread "Service Thread" daemon [_thread_blocked, id=17384, stack(0x0000008183a00000,0x0000008183b00000)]
  0x000001edf8b893b0 JavaThread "Monitor Deflation Thread" daemon [_thread_blocked, id=8712, stack(0x0000008183b00000,0x0000008183c00000)]
=>0x000001edf8b96e70 JavaThread "C2 CompilerThread0" daemon [_thread_in_native, id=13840, stack(0x0000008183c00000,0x0000008183d00000)]
  0x000001edf8b97ee0 JavaThread "C1 CompilerThread0" daemon [_thread_blocked, id=8912, stack(0x0000008183d00000,0x0000008183e00000)]
  0x000001edf8b8b210 JavaThread "Sweeper thread" daemon [_thread_blocked, id=13856, stack(0x0000008183e00000,0x0000008183f00000)]
  0x000001edf8b8a2e0 JavaThread "Common-Cleaner" daemon [_thread_blocked, id=320, stack(0x0000008183f00000,0x0000008184000000)]
  0x000001edf8b8a7f0 JavaThread "Notification Thread" daemon [_thread_blocked, id=2268, stack(0x0000008184000000,0x0000008184100000)]
  0x000001edf8b8b720 JavaThread "Daemon health stats" [_thread_blocked, id=10492, stack(0x0000008184800000,0x0000008184900000)]
  0x000001edf8b8bc30 JavaThread "Incoming local TCP Connector on port 50350" [_thread_in_native, id=19560, stack(0x0000008184200000,0x0000008184300000)]
  0x000001edf8b89dd0 JavaThread "Daemon periodic checks" [_thread_blocked, id=2388, stack(0x0000008184900000,0x0000008184a00000)]
  0x000001edf8b88480 JavaThread "Daemon" [_thread_blocked, id=14512, stack(0x0000008184a00000,0x0000008184b00000)]
  0x000001edf8b88ea0 JavaThread "Handler for socket connection from /127.0.0.1:50350 to /127.0.0.1:50353" [_thread_in_native, id=19988, stack(0x0000008184b00000,0x0000008184c00000)]
  0x000001edfe98dc80 JavaThread "Cancel handler" [_thread_blocked, id=15408, stack(0x0000008184c00000,0x0000008184d00000)]
  0x000001edfe989fc0 JavaThread "Daemon worker" [_thread_in_vm, id=3788, stack(0x0000008184d00000,0x0000008184e00000)]
  0x000001edfe98f5d0 JavaThread "Asynchronous log dispatcher for DefaultDaemonConnection: socket connection from /127.0.0.1:50350 to /127.0.0.1:50353" [_thread_blocked, id=3516, stack(0x0000008184e00000,0x0000008184f00000)]
  0x000001edfe98a4d0 JavaThread "Stdin handler" [_thread_blocked, id=7544, stack(0x0000008184f00000,0x0000008185000000)]
  0x000001edfe98e190 JavaThread "Daemon client event forwarder" [_thread_blocked, id=16584, stack(0x0000008185000000,0x0000008185100000)]
  0x000001edfe98a9e0 JavaThread "Cache worker for journal cache (C:\gradle\gradle-8.10.2\caches\journal-1)" [_thread_blocked, id=17800, stack(0x0000008185100000,0x0000008185200000)]
  0x000001edfe98cd50 JavaThread "File lock request listener" [_thread_in_native, id=19752, stack(0x0000008185200000,0x0000008185300000)]
  0x000001edfe98ebb0 JavaThread "Cache worker for file hash cache (C:\gradle\gradle-8.10.2\caches\8.10.2\fileHashes)" [_thread_blocked, id=18276, stack(0x0000008185400000,0x0000008185500000)]
  0x000001edfe98e6a0 JavaThread "Cache worker for file hash cache (C:\Users\Autoservice_front\android\.gradle\8.10.2\fileHashes)" [_thread_blocked, id=6696, stack(0x0000008185600000,0x0000008185700000)]
  0x000001edfe98f0c0 JavaThread "Cache worker for Build Output Cleanup Cache (C:\Users\Autoservice_front\android\.gradle\buildOutputCleanup)" [_thread_blocked, id=16152, stack(0x0000008185700000,0x0000008185800000)]
  0x000001edfe990500 JavaThread "File watcher server" daemon [_thread_in_native, id=13056, stack(0x0000008185b00000,0x0000008185c00000)]
  0x000001edfe98fae0 JavaThread "File watcher consumer" daemon [_thread_blocked, id=14908, stack(0x0000008185c00000,0x0000008185d00000)]
  0x000001edfe98c840 JavaThread "Cache worker for checksums cache (C:\Users\Autoservice_front\android\.gradle\8.10.2\checksums)" [_thread_blocked, id=8952, stack(0x0000008185d00000,0x0000008185e00000)]
  0x000001edfe990a10 JavaThread "Cache worker for file content cache (C:\gradle\gradle-8.10.2\caches\8.10.2\fileContent)" [_thread_blocked, id=3120, stack(0x0000008185e00000,0x0000008185f00000)]
  0x000001edfe98aef0 JavaThread "Cache worker for cache directory md-rule (C:\gradle\gradle-8.10.2\caches\8.10.2\md-rule)" [_thread_blocked, id=17488, stack(0x0000008185f00000,0x0000008186000000)]
  0x000001edfe98fff0 JavaThread "Cache worker for cache directory md-supplier (C:\gradle\gradle-8.10.2\caches\8.10.2\md-supplier)" [_thread_blocked, id=19092, stack(0x0000008186000000,0x0000008186100000)]
  0x000001edfe989ab0 JavaThread "jar transforms" [_thread_blocked, id=19704, stack(0x0000008186100000,0x0000008186200000)]
  0x000001edfe98d770 JavaThread "Cache worker for Build Output Cleanup Cache (C:\Users\Autoservice_front\node_modules\@react-native\gradle-plugin\.gradle\buildOutputCleanup)" [_thread_blocked, id=19964, stack(0x0000008186200000,0x0000008186300000)]
  0x000001edf8b898c0 JavaThread "Unconstrained build operations" [_thread_blocked, id=12988, stack(0x0000008185500000,0x0000008185600000)]
  0x000001edfe98be20 JavaThread "Unconstrained build operations Thread 2" [_thread_blocked, id=3916, stack(0x0000008186300000,0x0000008186400000)]
  0x000001edff7fad30 JavaThread "Unconstrained build operations Thread 3" [_thread_blocked, id=8892, stack(0x0000008186400000,0x0000008186500000)]
  0x000001edff7fd0a0 JavaThread "Unconstrained build operations Thread 4" [_thread_blocked, id=4528, stack(0x0000008186500000,0x0000008186600000)]
  0x000001edff7f7fa0 JavaThread "Unconstrained build operations Thread 5" [_thread_blocked, id=8432, stack(0x0000008186600000,0x0000008186700000)]
  0x000001edff7fef00 JavaThread "Unconstrained build operations Thread 6" [_thread_blocked, id=12904, stack(0x0000008186700000,0x0000008186800000)]
  0x000001edff7fc680 JavaThread "Unconstrained build operations Thread 7" [_thread_blocked, id=16748, stack(0x0000008186900000,0x0000008186a00000)]
  0x000001edff7fe4e0 JavaThread "Unconstrained build operations Thread 8" [_thread_blocked, id=8304, stack(0x0000008186a00000,0x0000008186b00000)]
  0x000001edff7f7a90 JavaThread "Unconstrained build operations Thread 9" [_thread_blocked, id=12624, stack(0x0000008186b00000,0x0000008186c00000)]
  0x000001edff7fdfd0 JavaThread "Unconstrained build operations Thread 10" [_thread_blocked, id=9364, stack(0x0000008186c00000,0x0000008186d00000)]
  0x000001edff7f84b0 JavaThread "Unconstrained build operations Thread 11" [_thread_blocked, id=20284, stack(0x0000008186d00000,0x0000008186e00000)]
  0x000001edff7f98f0 JavaThread "Unconstrained build operations Thread 12" [_thread_blocked, id=1404, stack(0x0000008186e00000,0x0000008186f00000)]
  0x000001edff7f9e00 JavaThread "Unconstrained build operations Thread 13" [_thread_blocked, id=292, stack(0x0000008186f00000,0x0000008187000000)]
  0x000001edff7fb750 JavaThread "Unconstrained build operations Thread 14" [_thread_blocked, id=9016, stack(0x0000008187000000,0x0000008187100000)]
  0x000001edff7fbc60 JavaThread "Unconstrained build operations Thread 15" [_thread_blocked, id=1656, stack(0x0000008187100000,0x0000008187200000)]
  0x000001edff7fd5b0 JavaThread "Unconstrained build operations Thread 16" [_thread_blocked, id=16116, stack(0x0000008187200000,0x0000008187300000)]
  0x000001edff7fdac0 JavaThread "Unconstrained build operations Thread 17" [_thread_blocked, id=19780, stack(0x0000008187300000,0x0000008187400000)]
  0x000001edff7ff410 JavaThread "Unconstrained build operations Thread 18" [_thread_blocked, id=5392, stack(0x0000008187400000,0x0000008187500000)]
  0x000001edff7f89c0 JavaThread "Unconstrained build operations Thread 19" [_thread_blocked, id=4544, stack(0x0000008187500000,0x0000008187600000)]
  0x000001edff7fc170 JavaThread "Unconstrained build operations Thread 20" [_thread_blocked, id=19064, stack(0x0000008187600000,0x0000008187700000)]
  0x000001edff7f8ed0 JavaThread "Unconstrained build operations Thread 21" [_thread_blocked, id=12920, stack(0x0000008187700000,0x0000008187800000)]
  0x000001edff7f93e0 JavaThread "Unconstrained build operations Thread 22" [_thread_blocked, id=304, stack(0x0000008187800000,0x0000008187900000)]
  0x000001edff7fcb90 JavaThread "Unconstrained build operations Thread 23" [_thread_blocked, id=14900, stack(0x0000008187900000,0x0000008187a00000)]
  0x000001edff7fa310 JavaThread "Unconstrained build operations Thread 24" [_thread_blocked, id=14904, stack(0x0000008187a00000,0x0000008187b00000)]
  0x000001edfef84850 JavaThread "Unconstrained build operations Thread 25" [_thread_blocked, id=12964, stack(0x0000008187b00000,0x0000008187c00000)]
  0x000001edfef875e0 JavaThread "Unconstrained build operations Thread 26" [_thread_blocked, id=14304, stack(0x0000008187c00000,0x0000008187d00000)]
  0x000001edfef84d60 JavaThread "Unconstrained build operations Thread 27" [_thread_blocked, id=14100, stack(0x0000008187d00000,0x0000008187e00000)]
  0x000001edfef85270 JavaThread "Memory manager" [_thread_blocked, id=14212, stack(0x0000008186800000,0x0000008186900000)]
  0x000001edfef83920 JavaThread "build event listener" [_thread_blocked, id=3744, stack(0x0000008187e00000,0x0000008187f00000)]
  0x000001edfef81ac0 JavaThread "ForkJoinPool.commonPool-worker-1" daemon [_thread_blocked, id=17052, stack(0x0000008188000000,0x0000008188100000)]
  0x000001edfef84340 JavaThread "ForkJoinPool.commonPool-worker-2" daemon [_thread_blocked, id=4180, stack(0x0000008188100000,0x0000008188200000)]
  0x000001edfef85c90 JavaThread "ForkJoinPool.commonPool-worker-3" daemon [_thread_blocked, id=11084, stack(0x0000008188200000,0x0000008188300000)]
  0x000001edfef85780 JavaThread "ForkJoinPool.commonPool-worker-4" daemon [_thread_blocked, id=7608, stack(0x0000008188300000,0x0000008188400000)]
  0x000001edfef88510 JavaThread "ForkJoinPool.commonPool-worker-5" daemon [_thread_blocked, id=20140, stack(0x0000008188400000,0x0000008188500000)]
  0x000001edfef87af0 JavaThread "ForkJoinPool.commonPool-worker-6" daemon [_thread_blocked, id=6568, stack(0x0000008188500000,0x0000008188600000)]
  0x000001edfef86bc0 JavaThread "included builds" [_thread_blocked, id=19112, stack(0x0000008188700000,0x0000008188800000)]
  0x000001edfef81fd0 JavaThread "Execution worker" [_thread_blocked, id=18668, stack(0x0000008188800000,0x0000008188900000)]
  0x000001edfef824e0 JavaThread "Execution worker Thread 2" [_thread_blocked, id=19440, stack(0x0000008188900000,0x0000008188a00000)]
  0x000001edfef83410 JavaThread "Execution worker Thread 3" [_thread_blocked, id=19488, stack(0x0000008188a00000,0x0000008188b00000)]
  0x000001edfef870d0 JavaThread "Execution worker Thread 4" [_thread_blocked, id=6140, stack(0x0000008188b00000,0x0000008188c00000)]
  0x000001edfef83e30 JavaThread "Execution worker Thread 5" [_thread_blocked, id=9872, stack(0x0000008188c00000,0x0000008188d00000)]
  0x000001edfef88000 JavaThread "Execution worker Thread 6" [_thread_blocked, id=8676, stack(0x0000008188d00000,0x0000008188e00000)]
  0x000001edfef82f00 JavaThread "Execution worker Thread 7" [_thread_blocked, id=3888, stack(0x0000008188e00000,0x0000008188f00000)]
  0x000001edfef88a20 JavaThread "Cache worker for execution history cache (C:\Users\Autoservice_front\node_modules\@react-native\gradle-plugin\.gradle\8.10.2\executionHistory)" [_thread_blocked, id=16120, stack(0x0000008188f00000,0x0000008189000000)]
  0x000001edfec823e0 JavaThread "Unconstrained build operations Thread 28" [_thread_blocked, id=19484, stack(0x0000008189000000,0x0000008189100000)]
  0x000001edfec828f0 JavaThread "Unconstrained build operations Thread 29" [_thread_blocked, id=1856, stack(0x0000008189100000,0x0000008189200000)]
  0x000001edfec84240 JavaThread "Unconstrained build operations Thread 30" [_thread_blocked, id=2496, stack(0x0000008189200000,0x0000008189300000)]
  0x000001edfec86ac0 JavaThread "Unconstrained build operations Thread 31" [_thread_blocked, id=17612, stack(0x0000008189300000,0x0000008189400000)]
  0x000001edfec85170 JavaThread "Unconstrained build operations Thread 32" [_thread_blocked, id=7892, stack(0x0000008189400000,0x0000008189500000)]
  0x000001edfec84c60 JavaThread "Unconstrained build operations Thread 33" [_thread_blocked, id=13540, stack(0x0000008189500000,0x0000008189600000)]
  0x000001edfec84750 JavaThread "Unconstrained build operations Thread 34" [_thread_blocked, id=18316, stack(0x0000008189600000,0x0000008189700000)]
  0x000001edfec83820 JavaThread "Unconstrained build operations Thread 35" [_thread_blocked, id=18096, stack(0x0000008189700000,0x0000008189800000)]
  0x000001edfec80fa0 JavaThread "Unconstrained build operations Thread 36" [_thread_blocked, id=10032, stack(0x0000008189800000,0x0000008189900000)]
  0x000001edfec86fd0 JavaThread "Unconstrained build operations Thread 37" [_thread_blocked, id=16740, stack(0x0000008189900000,0x0000008189a00000)]
  0x000001edfec874e0 JavaThread "Unconstrained build operations Thread 38" [_thread_blocked, id=8436, stack(0x0000008189a00000,0x0000008189b00000)]
  0x000001edfec819c0 JavaThread "Unconstrained build operations Thread 39" [_thread_blocked, id=12592, stack(0x0000008189b00000,0x0000008189c00000)]
  0x000001edfec82e00 JavaThread "Unconstrained build operations Thread 40" [_thread_blocked, id=8768, stack(0x0000008189c00000,0x0000008189d00000)]
  0x000001edfec81ed0 JavaThread "Unconstrained build operations Thread 41" [_thread_blocked, id=18936, stack(0x0000008189d00000,0x0000008189e00000)]
  0x000001edfec85680 JavaThread "Unconstrained build operations Thread 42" [_thread_blocked, id=13824, stack(0x0000008189e00000,0x0000008189f00000)]
  0x000001edfec83310 JavaThread "Unconstrained build operations Thread 43" [_thread_blocked, id=2976, stack(0x0000008189f00000,0x000000818a000000)]
  0x000001edfec80580 JavaThread "WorkerExecutor Queue" [_thread_blocked, id=14652, stack(0x000000818a000000,0x000000818a100000)]
  0x000001edfec80a90 JavaThread "RMI Scheduler(0)" daemon [_thread_blocked, id=18968, stack(0x0000008185300000,0x0000008185400000)]
  0x000001edfec865b0 JavaThread "RMI GC Daemon" daemon [_thread_blocked, id=18964, stack(0x000000818a100000,0x000000818a200000)]
  0x000001edfec814b0 JavaThread "RMI TCP Accept-0" daemon [_thread_in_native, id=14852, stack(0x000000818a200000,0x000000818a300000)]
  0x000001edfec83d30 JavaThread "RMI Reaper" [_thread_blocked, id=1356, stack(0x000000818a300000,0x000000818a400000)]
  0x000001ed9d4abe70 JavaThread "RMI TCP Connection(5)-127.0.0.1" daemon [_thread_in_native, id=11848, stack(0x000000818a400000,0x000000818a500000)]
  0x000001ed9d4ab960 JavaThread "Unconstrained build operations Thread 44" [_thread_blocked, id=15372, stack(0x000000818a800000,0x000000818a900000)]
  0x000001ed9d4aec00 JavaThread "Unconstrained build operations Thread 45" [_thread_blocked, id=19248, stack(0x000000818a900000,0x000000818aa00000)]
  0x000001ed9d4ac380 JavaThread "Unconstrained build operations Thread 46" [_thread_blocked, id=9724, stack(0x000000818aa00000,0x000000818ab00000)]
  0x000001ed9d4ac890 JavaThread "Unconstrained build operations Thread 47" [_thread_blocked, id=17716, stack(0x000000818ab00000,0x000000818ac00000)]
  0x000001ed9d4ad2b0 JavaThread "Unconstrained build operations Thread 48" [_thread_blocked, id=12532, stack(0x000000818ac00000,0x000000818ad00000)]
  0x000001ed9d4acda0 JavaThread "Unconstrained build operations Thread 49" [_thread_blocked, id=18600, stack(0x000000818ad00000,0x000000818ae00000)]
  0x000001ed9d4ad7c0 JavaThread "Unconstrained build operations Thread 50" [_thread_blocked, id=9180, stack(0x000000818ae00000,0x000000818af00000)]
  0x000001ed9d4ae6f0 JavaThread "Unconstrained build operations Thread 51" [_thread_blocked, id=4184, stack(0x000000818af00000,0x000000818b000000)]
  0x000001ed9d4adcd0 JavaThread "WorkerExecutor Queue Thread 2" [_thread_blocked, id=20388, stack(0x000000818a700000,0x000000818a800000)]
  0x000001edfec860a0 JavaThread "RMI TCP Connection(idle)" daemon [_thread_blocked, id=4680, stack(0x000000818b100000,0x000000818b200000)]
  0x000001ed9bba1e00 JavaThread "Unconstrained build operations Thread 52" [_thread_blocked, id=17816, stack(0x0000008187f00000,0x0000008188000000)]
  0x000001ed9bba4170 JavaThread "Unconstrained build operations Thread 53" [_thread_blocked, id=3492, stack(0x000000818b200000,0x000000818b300000)]
  0x000001ed9bba3240 JavaThread "Unconstrained build operations Thread 54" [_thread_blocked, id=17080, stack(0x000000818b300000,0x000000818b400000)]
  0x000001ed9bba0ed0 JavaThread "Unconstrained build operations Thread 55" [_thread_blocked, id=15420, stack(0x000000818b400000,0x000000818b500000)]
  0x000001ed9bba09c0 JavaThread "Unconstrained build operations Thread 56" [_thread_blocked, id=18084, stack(0x000000818b500000,0x000000818b600000)]
  0x000001ed9bb9ffa0 JavaThread "Unconstrained build operations Thread 57" [_thread_blocked, id=2884, stack(0x000000818b600000,0x000000818b700000)]
  0x000001ed9bba13e0 JavaThread "Unconstrained build operations Thread 58" [_thread_blocked, id=13684, stack(0x000000818b700000,0x000000818b800000)]
  0x000001ed9bba50a0 JavaThread "Unconstrained build operations Thread 59" [_thread_blocked, id=16668, stack(0x000000818b800000,0x000000818b900000)]
  0x000001ed9bba4b90 JavaThread "Unconstrained build operations Thread 60" [_thread_blocked, id=10500, stack(0x000000818b900000,0x000000818ba00000)]
  0x000001ed9bb9f580 JavaThread "Unconstrained build operations Thread 61" [_thread_blocked, id=11524, stack(0x000000818ba00000,0x000000818bb00000)]
  0x000001ed9bba18f0 JavaThread "Unconstrained build operations Thread 62" [_thread_blocked, id=10596, stack(0x000000818bb00000,0x000000818bc00000)]
  0x000001ed9bb9fa90 JavaThread "Unconstrained build operations Thread 63" [_thread_blocked, id=12444, stack(0x000000818bc00000,0x000000818bd00000)]
  0x000001ed9bba04b0 JavaThread "Unconstrained build operations Thread 64" [_thread_blocked, id=14696, stack(0x000000818bd00000,0x000000818be00000)]
  0x000001ed9bba5ac0 JavaThread "Unconstrained build operations Thread 65" [_thread_blocked, id=18996, stack(0x000000818be00000,0x000000818bf00000)]
  0x000001ed9bb9f070 JavaThread "Unconstrained build operations Thread 66" [_thread_blocked, id=12128, stack(0x000000818bf00000,0x000000818c000000)]
  0x000001ed9bba2310 JavaThread "Unconstrained build operations Thread 67" [_thread_blocked, id=8848, stack(0x000000818c000000,0x000000818c100000)]
  0x000001ed9bba3c60 JavaThread "Unconstrained build operations Thread 68" [_thread_blocked, id=15208, stack(0x000000818c100000,0x000000818c200000)]
  0x000001ed9bba55b0 JavaThread "Unconstrained build operations Thread 69" [_thread_blocked, id=12308, stack(0x000000818c200000,0x000000818c300000)]
  0x000001ed9bba3750 JavaThread "Unconstrained build operations Thread 70" [_thread_blocked, id=18244, stack(0x000000818c300000,0x000000818c400000)]
  0x000001ed9bba4680 JavaThread "Unconstrained build operations Thread 71" [_thread_blocked, id=17056, stack(0x000000818c400000,0x000000818c500000)]
  0x000001ed9bba5fd0 JavaThread "Unconstrained build operations Thread 72" [_thread_blocked, id=16868, stack(0x000000818c500000,0x000000818c600000)]
  0x000001ed9bba64e0 JavaThread "jar transforms Thread 2" [_thread_blocked, id=12460, stack(0x000000818c600000,0x000000818c700000)]
  0x000001ed9bba2d30 JavaThread "jar transforms Thread 3" [_thread_blocked, id=11408, stack(0x0000008182c00000,0x0000008182d00000)]
  0x000001edff7fe9f0 JavaThread "Unconstrained build operations Thread 73" [_thread_blocked, id=2216, stack(0x0000008182e00000,0x0000008182f00000)]
  0x000001edf8b8ad00 JavaThread "Unconstrained build operations Thread 74" [_thread_blocked, id=19832, stack(0x000000818c700000,0x000000818c800000)]
  0x000001ed9d597d80 JavaThread "Unconstrained build operations Thread 75" [_thread_blocked, id=20460, stack(0x000000818c800000,0x000000818c900000)]
  0x000001ed9d595500 JavaThread "Unconstrained build operations Thread 76" [_thread_blocked, id=9004, stack(0x000000818c900000,0x000000818ca00000)]
  0x000001ed9d593190 JavaThread "Unconstrained build operations Thread 77" [_thread_blocked, id=17476, stack(0x000000818ca00000,0x000000818cb00000)]
  0x000001ed9d595a10 JavaThread "Unconstrained build operations Thread 78" [_thread_blocked, id=12820, stack(0x000000818cb00000,0x000000818cc00000)]
  0x000001ed9d591d50 JavaThread "Unconstrained build operations Thread 79" [_thread_blocked, id=9416, stack(0x000000818cc00000,0x000000818cd00000)]
  0x000001ed9d596e50 JavaThread "Unconstrained build operations Thread 80" [_thread_blocked, id=5908, stack(0x000000818cd00000,0x000000818ce00000)]
  0x000001ed9d591330 JavaThread "WorkerExecutor Queue Thread 3" [_thread_blocked, id=4092, stack(0x000000818b000000,0x000000818b100000)]
  0x000001ed9d590910 JavaThread "jar transforms Thread 4" [_thread_blocked, id=13980, stack(0x0000008182d00000,0x0000008182e00000)]
  0x000001ed9d596430 JavaThread "jar transforms Thread 5" [_thread_blocked, id=9376, stack(0x0000008188600000,0x0000008188700000)]
  0x000001ed9d597360 JavaThread "jar transforms Thread 6" [_thread_blocked, id=4344, stack(0x000000818ce00000,0x000000818cf00000)]

Other Threads:
  0x000001edf8b63380 VMThread "VM Thread" [stack: 0x0000008183500000,0x0000008183600000] [id=14536]
  0x000001edda9331c0 WatcherThread [stack: 0x0000008184100000,0x0000008184200000] [id=12108]
  0x000001edda98d8c0 GCTaskThread "GC Thread#0" [stack: 0x0000008183000000,0x0000008183100000] [id=18080]
  0x000001edfd286b40 GCTaskThread "GC Thread#1" [stack: 0x0000008184300000,0x0000008184400000] [id=13212]
  0x000001edfd915650 GCTaskThread "GC Thread#2" [stack: 0x0000008184400000,0x0000008184500000] [id=11864]
  0x000001edfd951a00 GCTaskThread "GC Thread#3" [stack: 0x0000008184500000,0x0000008184600000] [id=3724]
  0x000001edfd7170d0 GCTaskThread "GC Thread#4" [stack: 0x0000008184600000,0x0000008184700000] [id=13744]
  0x000001edfd717390 GCTaskThread "GC Thread#5" [stack: 0x0000008184700000,0x0000008184800000] [id=5768]
  0x000001ed9c7ffb70 GCTaskThread "GC Thread#6" [stack: 0x0000008185800000,0x0000008185900000] [id=20448]
  0x000001edff408a20 GCTaskThread "GC Thread#7" [stack: 0x0000008185900000,0x0000008185a00000] [id=14888]
  0x000001edda99f720 ConcurrentGCThread "G1 Main Marker" [stack: 0x0000008183100000,0x0000008183200000] [id=11364]
  0x000001edda9a07d0 ConcurrentGCThread "G1 Conc#0" [stack: 0x0000008183200000,0x0000008183300000] [id=11708]
  0x000001edfec6b620 ConcurrentGCThread "G1 Conc#1" [stack: 0x0000008185a00000,0x0000008185b00000] [id=17836]
  0x000001edf8a1e550 ConcurrentGCThread "G1 Refine#0" [stack: 0x0000008183300000,0x0000008183400000] [id=6820]
  0x000001edf8a1ee80 ConcurrentGCThread "G1 Service" [stack: 0x0000008183400000,0x0000008183500000] [id=17140]

Threads with active compile tasks:
C2 CompilerThread0   111616 12835   !   4       java.util.jar.JarFile::getManifestFromReference (197 bytes)

VM state: not at safepoint (normal execution)

VM Mutex/Monitor currently owned by a thread: None

Heap address: 0x0000000080000000, size: 2048 MB, Compressed Oops mode: 32-bit

CDS archive(s) mapped at: [0x000001ed80000000-0x000001ed80bd0000-0x000001ed80bd0000), size 12386304, SharedBaseAddress: 0x000001ed80000000, ArchiveRelocationMode: 1.
Compressed class space mapped at: 0x000001ed81000000-0x000001ed9b000000, reserved size: 436207616
Narrow klass base: 0x000001ed80000000, Narrow klass shift: 0, Narrow klass range: 0x100000000

GC Precious Log:
 CPUs: 8 total, 8 available
 Memory: 16279M
 Large Page Support: Disabled
 NUMA Support: Disabled
 Compressed Oops: Enabled (32-bit)
 Heap Region Size: 1M
 Heap Min Capacity: 8M
 Heap Initial Capacity: 256M
 Heap Max Capacity: 2G
 Pre-touch: Disabled
 Parallel Workers: 8
 Concurrent Workers: 2
 Concurrent Refinement Workers: 8
 Periodic GC: Disabled

Heap:
 garbage-first heap   total 211968K, used 127953K [0x0000000080000000, 0x0000000100000000)
  region size 1024K, 23 young (23552K), 6 survivors (6144K)
 Metaspace       used 88707K, committed 89600K, reserved 557056K
  class space    used 12187K, committed 12608K, reserved 425984K

Heap Regions: E=young(eden), S=young(survivor), O=old, HS=humongous(starts), HC=humongous(continues), CS=collection set, F=free, OA=open archive, CA=closed archive, TAMS=top-at-mark-start (previous, next)
|   0|0x0000000080000000, 0x0000000080100000, 0x0000000080100000|100%| O|  |TAMS 0x0000000080100000, 0x0000000080000000| Untracked 
|   1|0x0000000080100000, 0x0000000080200000, 0x0000000080200000|100%| O|  |TAMS 0x0000000080200000, 0x0000000080100000| Untracked 
|   2|0x0000000080200000, 0x0000000080300000, 0x0000000080300000|100%|HS|  |TAMS 0x0000000080300000, 0x0000000080200000| Complete 
|   3|0x0000000080300000, 0x0000000080400000, 0x0000000080400000|100%|HC|  |TAMS 0x0000000080400000, 0x0000000080300000| Complete 
|   4|0x0000000080400000, 0x0000000080500000, 0x0000000080500000|100%|HC|  |TAMS 0x0000000080500000, 0x0000000080400000| Complete 
|   5|0x0000000080500000, 0x0000000080600000, 0x0000000080600000|100%|HC|  |TAMS 0x0000000080600000, 0x0000000080500000| Complete 
|   6|0x0000000080600000, 0x0000000080700000, 0x0000000080700000|100%| O|  |TAMS 0x0000000080700000, 0x0000000080600000| Untracked 
|   7|0x0000000080700000, 0x0000000080800000, 0x0000000080800000|100%| O|  |TAMS 0x0000000080800000, 0x0000000080700000| Untracked 
|   8|0x0000000080800000, 0x0000000080900000, 0x0000000080900000|100%| O|  |TAMS 0x0000000080900000, 0x0000000080800000| Untracked 
|   9|0x0000000080900000, 0x0000000080a00000, 0x0000000080a00000|100%|HS|  |TAMS 0x0000000080a00000, 0x0000000080900000| Complete 
|  10|0x0000000080a00000, 0x0000000080b00000, 0x0000000080b00000|100%| O|  |TAMS 0x0000000080b00000, 0x0000000080a00000| Untracked 
|  11|0x0000000080b00000, 0x0000000080c00000, 0x0000000080c00000|100%| O|  |TAMS 0x0000000080c00000, 0x0000000080b00000| Untracked 
|  12|0x0000000080c00000, 0x0000000080d00000, 0x0000000080d00000|100%| O|  |TAMS 0x0000000080d00000, 0x0000000080c00000| Untracked 
|  13|0x0000000080d00000, 0x0000000080e00000, 0x0000000080e00000|100%| O|  |TAMS 0x0000000080e00000, 0x0000000080d00000| Untracked 
|  14|0x0000000080e00000, 0x0000000080f00000, 0x0000000080f00000|100%| O|  |TAMS 0x0000000080f00000, 0x0000000080e00000| Untracked 
|  15|0x0000000080f00000, 0x0000000081000000, 0x0000000081000000|100%| O|  |TAMS 0x0000000081000000, 0x0000000080f00000| Untracked 
|  16|0x0000000081000000, 0x0000000081100000, 0x0000000081100000|100%| O|  |TAMS 0x0000000081100000, 0x0000000081000000| Untracked 
|  17|0x0000000081100000, 0x0000000081200000, 0x0000000081200000|100%| O|  |TAMS 0x0000000081200000, 0x0000000081100000| Untracked 
|  18|0x0000000081200000, 0x0000000081300000, 0x0000000081300000|100%| O|  |TAMS 0x0000000081300000, 0x0000000081200000| Untracked 
|  19|0x0000000081300000, 0x0000000081400000, 0x0000000081400000|100%| O|  |TAMS 0x0000000081400000, 0x0000000081300000| Untracked 
|  20|0x0000000081400000, 0x0000000081500000, 0x0000000081500000|100%| O|  |TAMS 0x0000000081500000, 0x0000000081400000| Untracked 
|  21|0x0000000081500000, 0x0000000081600000, 0x0000000081600000|100%| O|  |TAMS 0x0000000081600000, 0x0000000081500000| Untracked 
|  22|0x0000000081600000, 0x0000000081700000, 0x0000000081700000|100%| O|  |TAMS 0x0000000081700000, 0x0000000081600000| Untracked 
|  23|0x0000000081700000, 0x0000000081800000, 0x0000000081800000|100%| O|  |TAMS 0x0000000081800000, 0x0000000081700000| Untracked 
|  24|0x0000000081800000, 0x0000000081900000, 0x0000000081900000|100%| O|  |TAMS 0x0000000081900000, 0x0000000081800000| Untracked 
|  25|0x0000000081900000, 0x0000000081a00000, 0x0000000081a00000|100%| O|  |TAMS 0x0000000081a00000, 0x0000000081900000| Untracked 
|  26|0x0000000081a00000, 0x0000000081b00000, 0x0000000081b00000|100%| O|  |TAMS 0x0000000081b00000, 0x0000000081a00000| Untracked 
|  27|0x0000000081b00000, 0x0000000081c00000, 0x0000000081c00000|100%| O|  |TAMS 0x0000000081c00000, 0x0000000081b00000| Untracked 
|  28|0x0000000081c00000, 0x0000000081d00000, 0x0000000081d00000|100%| O|  |TAMS 0x0000000081d00000, 0x0000000081c00000| Untracked 
|  29|0x0000000081d00000, 0x0000000081e00000, 0x0000000081e00000|100%| O|  |TAMS 0x0000000081e00000, 0x0000000081d00000| Untracked 
|  30|0x0000000081e00000, 0x0000000081f00000, 0x0000000081f00000|100%| O|  |TAMS 0x0000000081f00000, 0x0000000081e00000| Untracked 
|  31|0x0000000081f00000, 0x0000000082000000, 0x0000000082000000|100%| O|  |TAMS 0x0000000082000000, 0x0000000081f00000| Untracked 
|  32|0x0000000082000000, 0x0000000082100000, 0x0000000082100000|100%| O|  |TAMS 0x0000000082100000, 0x0000000082000000| Untracked 
|  33|0x0000000082100000, 0x0000000082200000, 0x0000000082200000|100%| O|  |TAMS 0x0000000082200000, 0x0000000082100000| Untracked 
|  34|0x0000000082200000, 0x0000000082300000, 0x0000000082300000|100%| O|  |TAMS 0x0000000082300000, 0x0000000082200000| Untracked 
|  35|0x0000000082300000, 0x0000000082400000, 0x0000000082400000|100%| O|  |TAMS 0x0000000082400000, 0x0000000082300000| Untracked 
|  36|0x0000000082400000, 0x0000000082500000, 0x0000000082500000|100%| O|  |TAMS 0x0000000082500000, 0x0000000082400000| Untracked 
|  37|0x0000000082500000, 0x0000000082600000, 0x0000000082600000|100%| O|  |TAMS 0x0000000082500000, 0x0000000082500000| Untracked 
|  38|0x0000000082600000, 0x0000000082700000, 0x0000000082700000|100%| O|  |TAMS 0x0000000082700000, 0x0000000082600000| Untracked 
|  39|0x0000000082700000, 0x0000000082800000, 0x0000000082800000|100%| O|  |TAMS 0x0000000082800000, 0x0000000082700000| Untracked 
|  40|0x0000000082800000, 0x0000000082900000, 0x0000000082900000|100%| O|  |TAMS 0x0000000082800000, 0x0000000082800000| Untracked 
|  41|0x0000000082900000, 0x0000000082a00000, 0x0000000082a00000|100%| O|  |TAMS 0x0000000082a00000, 0x0000000082900000| Untracked 
|  42|0x0000000082a00000, 0x0000000082b00000, 0x0000000082b00000|100%| O|  |TAMS 0x0000000082b00000, 0x0000000082a00000| Untracked 
|  43|0x0000000082b00000, 0x0000000082c00000, 0x0000000082c00000|100%| O|  |TAMS 0x0000000082c00000, 0x0000000082b00000| Untracked 
|  44|0x0000000082c00000, 0x0000000082d00000, 0x0000000082d00000|100%| O|  |TAMS 0x0000000082d00000, 0x0000000082c00000| Untracked 
|  45|0x0000000082d00000, 0x0000000082e00000, 0x0000000082e00000|100%| O|  |TAMS 0x0000000082d00000, 0x0000000082d00000| Untracked 
|  46|0x0000000082e00000, 0x0000000082f00000, 0x0000000082f00000|100%|HS|  |TAMS 0x0000000082f00000, 0x0000000082e00000| Complete 
|  47|0x0000000082f00000, 0x0000000083000000, 0x0000000083000000|100%|HC|  |TAMS 0x0000000083000000, 0x0000000082f00000| Complete 
|  48|0x0000000083000000, 0x0000000083100000, 0x0000000083100000|100%|HS|  |TAMS 0x0000000083100000, 0x0000000083000000| Complete 
|  49|0x0000000083100000, 0x0000000083200000, 0x0000000083200000|100%|HC|  |TAMS 0x0000000083200000, 0x0000000083100000| Complete 
|  50|0x0000000083200000, 0x0000000083300000, 0x0000000083300000|100%| O|  |TAMS 0x0000000083300000, 0x0000000083200000| Untracked 
|  51|0x0000000083300000, 0x0000000083400000, 0x0000000083400000|100%| O|  |TAMS 0x0000000083400000, 0x0000000083300000| Untracked 
|  52|0x0000000083400000, 0x0000000083500000, 0x0000000083500000|100%| O|  |TAMS 0x0000000083500000, 0x0000000083400000| Untracked 
|  53|0x0000000083500000, 0x0000000083600000, 0x0000000083600000|100%| O|  |TAMS 0x0000000083600000, 0x0000000083500000| Untracked 
|  54|0x0000000083600000, 0x0000000083700000, 0x0000000083700000|100%|HS|  |TAMS 0x0000000083700000, 0x0000000083600000| Complete 
|  55|0x0000000083700000, 0x0000000083800000, 0x0000000083800000|100%|HC|  |TAMS 0x0000000083800000, 0x0000000083700000| Complete 
|  56|0x0000000083800000, 0x0000000083900000, 0x0000000083900000|100%|HC|  |TAMS 0x0000000083900000, 0x0000000083800000| Complete 
|  57|0x0000000083900000, 0x0000000083a00000, 0x0000000083a00000|100%|HC|  |TAMS 0x0000000083a00000, 0x0000000083900000| Complete 
|  58|0x0000000083a00000, 0x0000000083b00000, 0x0000000083b00000|100%|HS|  |TAMS 0x0000000083b00000, 0x0000000083a00000| Complete 
|  59|0x0000000083b00000, 0x0000000083c00000, 0x0000000083c00000|100%|HC|  |TAMS 0x0000000083c00000, 0x0000000083b00000| Complete 
|  60|0x0000000083c00000, 0x0000000083d00000, 0x0000000083d00000|100%|HC|  |TAMS 0x0000000083d00000, 0x0000000083c00000| Complete 
|  61|0x0000000083d00000, 0x0000000083e00000, 0x0000000083e00000|100%|HC|  |TAMS 0x0000000083e00000, 0x0000000083d00000| Complete 
|  62|0x0000000083e00000, 0x0000000083f00000, 0x0000000083f00000|100%| O|  |TAMS 0x0000000083f00000, 0x0000000083e00000| Untracked 
|  63|0x0000000083f00000, 0x0000000084000000, 0x0000000084000000|100%| O|  |TAMS 0x0000000084000000, 0x0000000083f00000| Untracked 
|  64|0x0000000084000000, 0x0000000084100000, 0x0000000084100000|100%| O|  |TAMS 0x00000000840ffe00, 0x0000000084000000| Untracked 
|  65|0x0000000084100000, 0x0000000084200000, 0x0000000084200000|100%| O|  |TAMS 0x0000000084100000, 0x0000000084100000| Untracked 
|  66|0x0000000084200000, 0x0000000084300000, 0x0000000084300000|100%| O|  |TAMS 0x0000000084200000, 0x0000000084200000| Untracked 
|  67|0x0000000084300000, 0x0000000084400000, 0x0000000084400000|100%| O|  |TAMS 0x0000000084300000, 0x0000000084300000| Untracked 
|  68|0x0000000084400000, 0x0000000084500000, 0x0000000084500000|100%| O|  |TAMS 0x0000000084400000, 0x0000000084400000| Untracked 
|  69|0x0000000084500000, 0x0000000084600000, 0x0000000084600000|100%| O|  |TAMS 0x0000000084500000, 0x0000000084500000| Untracked 
|  70|0x0000000084600000, 0x0000000084700000, 0x0000000084700000|100%| O|  |TAMS 0x0000000084600000, 0x0000000084600000| Untracked 
|  71|0x0000000084700000, 0x0000000084800000, 0x0000000084800000|100%| O|  |TAMS 0x0000000084700000, 0x0000000084700000| Untracked 
|  72|0x0000000084800000, 0x0000000084900000, 0x0000000084900000|100%| O|  |TAMS 0x0000000084800000, 0x0000000084800000| Untracked 
|  73|0x0000000084900000, 0x0000000084a00000, 0x0000000084a00000|100%| O|  |TAMS 0x0000000084900000, 0x0000000084900000| Untracked 
|  74|0x0000000084a00000, 0x0000000084b00000, 0x0000000084b00000|100%| O|  |TAMS 0x0000000084a00000, 0x0000000084a00000| Untracked 
|  75|0x0000000084b00000, 0x0000000084c00000, 0x0000000084c00000|100%| O|  |TAMS 0x0000000084b00000, 0x0000000084b00000| Untracked 
|  76|0x0000000084c00000, 0x0000000084d00000, 0x0000000084d00000|100%| O|  |TAMS 0x0000000084c00000, 0x0000000084c00000| Untracked 
|  77|0x0000000084d00000, 0x0000000084e00000, 0x0000000084e00000|100%| O|  |TAMS 0x0000000084d00000, 0x0000000084d00000| Untracked 
|  78|0x0000000084e00000, 0x0000000084f00000, 0x0000000084f00000|100%| O|  |TAMS 0x0000000084e00000, 0x0000000084e00000| Untracked 
|  79|0x0000000084f00000, 0x0000000085000000, 0x0000000085000000|100%| O|  |TAMS 0x0000000084f00000, 0x0000000084f00000| Untracked 
|  80|0x0000000085000000, 0x0000000085100000, 0x0000000085100000|100%| O|  |TAMS 0x0000000085000000, 0x0000000085000000| Untracked 
|  81|0x0000000085100000, 0x0000000085200000, 0x0000000085200000|100%| O|  |TAMS 0x0000000085100000, 0x0000000085100000| Untracked 
|  82|0x0000000085200000, 0x0000000085300000, 0x0000000085300000|100%| O|  |TAMS 0x0000000085200000, 0x0000000085200000| Untracked 
|  83|0x0000000085300000, 0x0000000085400000, 0x0000000085400000|100%| O|  |TAMS 0x0000000085300000, 0x0000000085300000| Untracked 
|  84|0x0000000085400000, 0x0000000085500000, 0x0000000085500000|100%|HS|  |TAMS 0x0000000085400000, 0x0000000085400000| Complete 
|  85|0x0000000085500000, 0x0000000085600000, 0x0000000085600000|100%|HS|  |TAMS 0x0000000085500000, 0x0000000085500000| Complete 
|  86|0x0000000085600000, 0x0000000085700000, 0x0000000085700000|100%|HS|  |TAMS 0x0000000085600000, 0x0000000085600000| Complete 
|  87|0x0000000085700000, 0x0000000085800000, 0x0000000085800000|100%|HS|  |TAMS 0x0000000085700000, 0x0000000085700000| Complete 
|  88|0x0000000085800000, 0x0000000085800000, 0x0000000085900000|  0%| F|  |TAMS 0x0000000085800000, 0x0000000085800000| Untracked 
|  89|0x0000000085900000, 0x0000000085a00000, 0x0000000085a00000|100%|HS|  |TAMS 0x0000000085900000, 0x0000000085900000| Complete 
|  90|0x0000000085a00000, 0x0000000085b00000, 0x0000000085b00000|100%|HS|  |TAMS 0x0000000085a00000, 0x0000000085a00000| Complete 
|  91|0x0000000085b00000, 0x0000000085c00000, 0x0000000085c00000|100%| O|  |TAMS 0x0000000085b00000, 0x0000000085b00000| Untracked 
|  92|0x0000000085c00000, 0x0000000085d00000, 0x0000000085d00000|100%| O|  |TAMS 0x0000000085c00000, 0x0000000085c00000| Untracked 
|  93|0x0000000085d00000, 0x0000000085d00000, 0x0000000085e00000|  0%| F|  |TAMS 0x0000000085d00000, 0x0000000085d00000| Untracked 
|  94|0x0000000085e00000, 0x0000000085e00000, 0x0000000085f00000|  0%| F|  |TAMS 0x0000000085e00000, 0x0000000085e00000| Untracked 
|  95|0x0000000085f00000, 0x0000000085f00000, 0x0000000086000000|  0%| F|  |TAMS 0x0000000085f00000, 0x0000000085f00000| Untracked 
|  96|0x0000000086000000, 0x0000000086100000, 0x0000000086100000|100%|HS|  |TAMS 0x0000000086000000, 0x0000000086000000| Complete 
|  97|0x0000000086100000, 0x0000000086200000, 0x0000000086200000|100%| O|  |TAMS 0x0000000086100000, 0x0000000086100000| Untracked 
|  98|0x0000000086200000, 0x0000000086300000, 0x0000000086300000|100%| O|  |TAMS 0x0000000086200000, 0x0000000086200000| Untracked 
|  99|0x0000000086300000, 0x0000000086400000, 0x0000000086400000|100%| O|  |TAMS 0x0000000086300000, 0x0000000086300000| Untracked 
| 100|0x0000000086400000, 0x0000000086500000, 0x0000000086500000|100%| O|  |TAMS 0x0000000086400000, 0x0000000086400000| Untracked 
| 101|0x0000000086500000, 0x0000000086600000, 0x0000000086600000|100%| O|  |TAMS 0x0000000086500000, 0x0000000086500000| Untracked 
| 102|0x0000000086600000, 0x0000000086700000, 0x0000000086700000|100%| O|  |TAMS 0x0000000086600000, 0x0000000086600000| Untracked 
| 103|0x0000000086700000, 0x0000000086800000, 0x0000000086800000|100%| O|  |TAMS 0x0000000086700000, 0x0000000086700000| Untracked 
| 104|0x0000000086800000, 0x0000000086900000, 0x0000000086900000|100%| O|  |TAMS 0x0000000086800000, 0x0000000086800000| Untracked 
| 105|0x0000000086900000, 0x0000000086a00000, 0x0000000086a00000|100%| O|  |TAMS 0x0000000086900000, 0x0000000086900000| Untracked 
| 106|0x0000000086a00000, 0x0000000086af4600, 0x0000000086b00000| 95%| O|  |TAMS 0x0000000086a00000, 0x0000000086a00000| Untracked 
| 107|0x0000000086b00000, 0x0000000086b00000, 0x0000000086c00000|  0%| F|  |TAMS 0x0000000086b00000, 0x0000000086b00000| Untracked 
| 108|0x0000000086c00000, 0x0000000086c00000, 0x0000000086d00000|  0%| F|  |TAMS 0x0000000086c00000, 0x0000000086c00000| Untracked 
| 109|0x0000000086d00000, 0x0000000086d00000, 0x0000000086e00000|  0%| F|  |TAMS 0x0000000086d00000, 0x0000000086d00000| Untracked 
| 110|0x0000000086e00000, 0x0000000086e00000, 0x0000000086f00000|  0%| F|  |TAMS 0x0000000086e00000, 0x0000000086e00000| Untracked 
| 111|0x0000000086f00000, 0x0000000086f00000, 0x0000000087000000|  0%| F|  |TAMS 0x0000000086f00000, 0x0000000086f00000| Untracked 
| 112|0x0000000087000000, 0x0000000087000000, 0x0000000087100000|  0%| F|  |TAMS 0x0000000087000000, 0x0000000087000000| Untracked 
| 113|0x0000000087100000, 0x0000000087100000, 0x0000000087200000|  0%| F|  |TAMS 0x0000000087100000, 0x0000000087100000| Untracked 
| 114|0x0000000087200000, 0x0000000087200000, 0x0000000087300000|  0%| F|  |TAMS 0x0000000087200000, 0x0000000087200000| Untracked 
| 115|0x0000000087300000, 0x0000000087300000, 0x0000000087400000|  0%| F|  |TAMS 0x0000000087300000, 0x0000000087300000| Untracked 
| 116|0x0000000087400000, 0x0000000087400000, 0x0000000087500000|  0%| F|  |TAMS 0x0000000087400000, 0x0000000087400000| Untracked 
| 117|0x0000000087500000, 0x0000000087500000, 0x0000000087600000|  0%| F|  |TAMS 0x0000000087500000, 0x0000000087500000| Untracked 
| 118|0x0000000087600000, 0x0000000087600000, 0x0000000087700000|  0%| F|  |TAMS 0x0000000087600000, 0x0000000087600000| Untracked 
| 119|0x0000000087700000, 0x0000000087700000, 0x0000000087800000|  0%| F|  |TAMS 0x0000000087700000, 0x0000000087700000| Untracked 
| 120|0x0000000087800000, 0x0000000087800000, 0x0000000087900000|  0%| F|  |TAMS 0x0000000087800000, 0x0000000087800000| Untracked 
| 121|0x0000000087900000, 0x0000000087900000, 0x0000000087a00000|  0%| F|  |TAMS 0x0000000087900000, 0x0000000087900000| Untracked 
| 122|0x0000000087a00000, 0x0000000087a00000, 0x0000000087b00000|  0%| F|  |TAMS 0x0000000087a00000, 0x0000000087a00000| Untracked 
| 123|0x0000000087b00000, 0x0000000087b00000, 0x0000000087c00000|  0%| F|  |TAMS 0x0000000087b00000, 0x0000000087b00000| Untracked 
| 124|0x0000000087c00000, 0x0000000087c00000, 0x0000000087d00000|  0%| F|  |TAMS 0x0000000087c00000, 0x0000000087c00000| Untracked 
| 125|0x0000000087d00000, 0x0000000087d00000, 0x0000000087e00000|  0%| F|  |TAMS 0x0000000087d00000, 0x0000000087d00000| Untracked 
| 126|0x0000000087e00000, 0x0000000087e00000, 0x0000000087f00000|  0%| F|  |TAMS 0x0000000087e00000, 0x0000000087e00000| Untracked 
| 127|0x0000000087f00000, 0x0000000087f00000, 0x0000000088000000|  0%| F|  |TAMS 0x0000000087f00000, 0x0000000087f00000| Untracked 
| 128|0x0000000088000000, 0x0000000088000000, 0x0000000088100000|  0%| F|  |TAMS 0x0000000088000000, 0x0000000088000000| Untracked 
| 129|0x0000000088100000, 0x0000000088100000, 0x0000000088200000|  0%| F|  |TAMS 0x0000000088100000, 0x0000000088100000| Untracked 
| 130|0x0000000088200000, 0x0000000088200000, 0x0000000088300000|  0%| F|  |TAMS 0x0000000088200000, 0x0000000088200000| Untracked 
| 131|0x0000000088300000, 0x0000000088300000, 0x0000000088400000|  0%| F|  |TAMS 0x0000000088300000, 0x0000000088300000| Untracked 
| 132|0x0000000088400000, 0x0000000088400000, 0x0000000088500000|  0%| F|  |TAMS 0x0000000088400000, 0x0000000088400000| Untracked 
| 133|0x0000000088500000, 0x0000000088500000, 0x0000000088600000|  0%| F|  |TAMS 0x0000000088500000, 0x0000000088500000| Untracked 
| 134|0x0000000088600000, 0x0000000088600000, 0x0000000088700000|  0%| F|  |TAMS 0x0000000088600000, 0x0000000088600000| Untracked 
| 135|0x0000000088700000, 0x0000000088700000, 0x0000000088800000|  0%| F|  |TAMS 0x0000000088700000, 0x0000000088700000| Untracked 
| 136|0x0000000088800000, 0x0000000088800000, 0x0000000088900000|  0%| F|  |TAMS 0x0000000088800000, 0x0000000088800000| Untracked 
| 137|0x0000000088900000, 0x0000000088900000, 0x0000000088a00000|  0%| F|  |TAMS 0x0000000088900000, 0x0000000088900000| Untracked 
| 138|0x0000000088a00000, 0x0000000088b00000, 0x0000000088b00000|100%| S|CS|TAMS 0x0000000088a00000, 0x0000000088a00000| Complete 
| 139|0x0000000088b00000, 0x0000000088c00000, 0x0000000088c00000|100%| S|CS|TAMS 0x0000000088b00000, 0x0000000088b00000| Complete 
| 140|0x0000000088c00000, 0x0000000088d00000, 0x0000000088d00000|100%| S|CS|TAMS 0x0000000088c00000, 0x0000000088c00000| Complete 
| 141|0x0000000088d00000, 0x0000000088e00000, 0x0000000088e00000|100%| S|CS|TAMS 0x0000000088d00000, 0x0000000088d00000| Complete 
| 142|0x0000000088e00000, 0x0000000088f00000, 0x0000000088f00000|100%| S|CS|TAMS 0x0000000088e00000, 0x0000000088e00000| Complete 
| 143|0x0000000088f00000, 0x0000000089000000, 0x0000000089000000|100%| S|CS|TAMS 0x0000000088f00000, 0x0000000088f00000| Complete 
| 144|0x0000000089000000, 0x0000000089000000, 0x0000000089100000|  0%| F|  |TAMS 0x0000000089000000, 0x0000000089000000| Untracked 
| 145|0x0000000089100000, 0x0000000089100000, 0x0000000089200000|  0%| F|  |TAMS 0x0000000089100000, 0x0000000089100000| Untracked 
| 146|0x0000000089200000, 0x0000000089200000, 0x0000000089300000|  0%| F|  |TAMS 0x0000000089200000, 0x0000000089200000| Untracked 
| 147|0x0000000089300000, 0x0000000089300000, 0x0000000089400000|  0%| F|  |TAMS 0x0000000089300000, 0x0000000089300000| Untracked 
| 148|0x0000000089400000, 0x0000000089400000, 0x0000000089500000|  0%| F|  |TAMS 0x0000000089400000, 0x0000000089400000| Untracked 
| 149|0x0000000089500000, 0x0000000089500000, 0x0000000089600000|  0%| F|  |TAMS 0x0000000089500000, 0x0000000089500000| Untracked 
| 150|0x0000000089600000, 0x0000000089600000, 0x0000000089700000|  0%| F|  |TAMS 0x0000000089600000, 0x0000000089600000| Untracked 
| 151|0x0000000089700000, 0x0000000089700000, 0x0000000089800000|  0%| F|  |TAMS 0x0000000089700000, 0x0000000089700000| Untracked 
| 152|0x0000000089800000, 0x0000000089800000, 0x0000000089900000|  0%| F|  |TAMS 0x0000000089800000, 0x0000000089800000| Untracked 
| 153|0x0000000089900000, 0x0000000089900000, 0x0000000089a00000|  0%| F|  |TAMS 0x0000000089900000, 0x0000000089900000| Untracked 
| 154|0x0000000089a00000, 0x0000000089a00000, 0x0000000089b00000|  0%| F|  |TAMS 0x0000000089a00000, 0x0000000089a00000| Untracked 
| 155|0x0000000089b00000, 0x0000000089b00000, 0x0000000089c00000|  0%| F|  |TAMS 0x0000000089b00000, 0x0000000089b00000| Untracked 
| 156|0x0000000089c00000, 0x0000000089c00000, 0x0000000089d00000|  0%| F|  |TAMS 0x0000000089c00000, 0x0000000089c00000| Untracked 
| 157|0x0000000089d00000, 0x0000000089d00000, 0x0000000089e00000|  0%| F|  |TAMS 0x0000000089d00000, 0x0000000089d00000| Untracked 
| 158|0x0000000089e00000, 0x0000000089e00000, 0x0000000089f00000|  0%| F|  |TAMS 0x0000000089e00000, 0x0000000089e00000| Untracked 
| 159|0x0000000089f00000, 0x0000000089f00000, 0x000000008a000000|  0%| F|  |TAMS 0x0000000089f00000, 0x0000000089f00000| Untracked 
| 160|0x000000008a000000, 0x000000008a000000, 0x000000008a100000|  0%| F|  |TAMS 0x000000008a000000, 0x000000008a000000| Untracked 
| 161|0x000000008a100000, 0x000000008a100000, 0x000000008a200000|  0%| F|  |TAMS 0x000000008a100000, 0x000000008a100000| Untracked 
| 162|0x000000008a200000, 0x000000008a200000, 0x000000008a300000|  0%| F|  |TAMS 0x000000008a200000, 0x000000008a200000| Untracked 
| 163|0x000000008a300000, 0x000000008a300000, 0x000000008a400000|  0%| F|  |TAMS 0x000000008a300000, 0x000000008a300000| Untracked 
| 164|0x000000008a400000, 0x000000008a400000, 0x000000008a500000|  0%| F|  |TAMS 0x000000008a400000, 0x000000008a400000| Untracked 
| 165|0x000000008a500000, 0x000000008a500000, 0x000000008a600000|  0%| F|  |TAMS 0x000000008a500000, 0x000000008a500000| Untracked 
| 166|0x000000008a600000, 0x000000008a600000, 0x000000008a700000|  0%| F|  |TAMS 0x000000008a600000, 0x000000008a600000| Untracked 
| 167|0x000000008a700000, 0x000000008a700000, 0x000000008a800000|  0%| F|  |TAMS 0x000000008a700000, 0x000000008a700000| Untracked 
| 168|0x000000008a800000, 0x000000008a800000, 0x000000008a900000|  0%| F|  |TAMS 0x000000008a800000, 0x000000008a800000| Untracked 
| 169|0x000000008a900000, 0x000000008a900000, 0x000000008aa00000|  0%| F|  |TAMS 0x000000008a900000, 0x000000008a900000| Untracked 
| 170|0x000000008aa00000, 0x000000008aa00000, 0x000000008ab00000|  0%| F|  |TAMS 0x000000008aa00000, 0x000000008aa00000| Untracked 
| 171|0x000000008ab00000, 0x000000008ab00000, 0x000000008ac00000|  0%| F|  |TAMS 0x000000008ab00000, 0x000000008ab00000| Untracked 
| 172|0x000000008ac00000, 0x000000008ac00000, 0x000000008ad00000|  0%| F|  |TAMS 0x000000008ac00000, 0x000000008ac00000| Untracked 
| 173|0x000000008ad00000, 0x000000008ad00000, 0x000000008ae00000|  0%| F|  |TAMS 0x000000008ad00000, 0x000000008ad00000| Untracked 
| 174|0x000000008ae00000, 0x000000008ae00000, 0x000000008af00000|  0%| F|  |TAMS 0x000000008ae00000, 0x000000008ae00000| Untracked 
| 175|0x000000008af00000, 0x000000008af00000, 0x000000008b000000|  0%| F|  |TAMS 0x000000008af00000, 0x000000008af00000| Untracked 
| 176|0x000000008b000000, 0x000000008b000000, 0x000000008b100000|  0%| F|  |TAMS 0x000000008b000000, 0x000000008b000000| Untracked 
| 177|0x000000008b100000, 0x000000008b100000, 0x000000008b200000|  0%| F|  |TAMS 0x000000008b100000, 0x000000008b100000| Untracked 
| 178|0x000000008b200000, 0x000000008b200000, 0x000000008b300000|  0%| F|  |TAMS 0x000000008b200000, 0x000000008b200000| Untracked 
| 179|0x000000008b300000, 0x000000008b300000, 0x000000008b400000|  0%| F|  |TAMS 0x000000008b300000, 0x000000008b300000| Untracked 
| 180|0x000000008b400000, 0x000000008b400000, 0x000000008b500000|  0%| F|  |TAMS 0x000000008b400000, 0x000000008b400000| Untracked 
| 181|0x000000008b500000, 0x000000008b500000, 0x000000008b600000|  0%| F|  |TAMS 0x000000008b500000, 0x000000008b500000| Untracked 
| 182|0x000000008b600000, 0x000000008b600000, 0x000000008b700000|  0%| F|  |TAMS 0x000000008b600000, 0x000000008b600000| Untracked 
| 183|0x000000008b700000, 0x000000008b700000, 0x000000008b800000|  0%| F|  |TAMS 0x000000008b700000, 0x000000008b700000| Untracked 
| 184|0x000000008b800000, 0x000000008b800000, 0x000000008b900000|  0%| F|  |TAMS 0x000000008b800000, 0x000000008b800000| Untracked 
| 185|0x000000008b900000, 0x000000008b900000, 0x000000008ba00000|  0%| F|  |TAMS 0x000000008b900000, 0x000000008b900000| Untracked 
| 186|0x000000008ba00000, 0x000000008ba00000, 0x000000008bb00000|  0%| F|  |TAMS 0x000000008ba00000, 0x000000008ba00000| Untracked 
| 187|0x000000008bb00000, 0x000000008bb00000, 0x000000008bc00000|  0%| F|  |TAMS 0x000000008bb00000, 0x000000008bb00000| Untracked 
| 188|0x000000008bc00000, 0x000000008bc00000, 0x000000008bd00000|  0%| F|  |TAMS 0x000000008bc00000, 0x000000008bc00000| Untracked 
| 189|0x000000008bd00000, 0x000000008bd00000, 0x000000008be00000|  0%| F|  |TAMS 0x000000008bd00000, 0x000000008bd00000| Untracked 
| 190|0x000000008be00000, 0x000000008bf00000, 0x000000008bf00000|100%| E|  |TAMS 0x000000008be00000, 0x000000008be00000| Complete 
| 191|0x000000008bf00000, 0x000000008c000000, 0x000000008c000000|100%| E|CS|TAMS 0x000000008bf00000, 0x000000008bf00000| Complete 
| 192|0x000000008c000000, 0x000000008c100000, 0x000000008c100000|100%| E|CS|TAMS 0x000000008c000000, 0x000000008c000000| Complete 
| 193|0x000000008c100000, 0x000000008c200000, 0x000000008c200000|100%| E|CS|TAMS 0x000000008c100000, 0x000000008c100000| Complete 
| 194|0x000000008c200000, 0x000000008c300000, 0x000000008c300000|100%| E|CS|TAMS 0x000000008c200000, 0x000000008c200000| Complete 
| 195|0x000000008c300000, 0x000000008c400000, 0x000000008c400000|100%| E|CS|TAMS 0x000000008c300000, 0x000000008c300000| Complete 
| 196|0x000000008c400000, 0x000000008c500000, 0x000000008c500000|100%| E|CS|TAMS 0x000000008c400000, 0x000000008c400000| Complete 
| 197|0x000000008c500000, 0x000000008c600000, 0x000000008c600000|100%| E|CS|TAMS 0x000000008c500000, 0x000000008c500000| Complete 
| 198|0x000000008c600000, 0x000000008c700000, 0x000000008c700000|100%| E|CS|TAMS 0x000000008c600000, 0x000000008c600000| Complete 
| 199|0x000000008c700000, 0x000000008c800000, 0x000000008c800000|100%| E|CS|TAMS 0x000000008c700000, 0x000000008c700000| Complete 
| 200|0x000000008c800000, 0x000000008c900000, 0x000000008c900000|100%| E|CS|TAMS 0x000000008c800000, 0x000000008c800000| Complete 
| 201|0x000000008c900000, 0x000000008ca00000, 0x000000008ca00000|100%| E|CS|TAMS 0x000000008c900000, 0x000000008c900000| Complete 
| 202|0x000000008ca00000, 0x000000008cb00000, 0x000000008cb00000|100%| E|CS|TAMS 0x000000008ca00000, 0x000000008ca00000| Complete 
| 203|0x000000008cb00000, 0x000000008cc00000, 0x000000008cc00000|100%| E|CS|TAMS 0x000000008cb00000, 0x000000008cb00000| Complete 
| 204|0x000000008cc00000, 0x000000008cd00000, 0x000000008cd00000|100%| E|CS|TAMS 0x000000008cc00000, 0x000000008cc00000| Complete 
| 205|0x000000008cd00000, 0x000000008ce00000, 0x000000008ce00000|100%| E|CS|TAMS 0x000000008cd00000, 0x000000008cd00000| Complete 
| 255|0x000000008ff00000, 0x0000000090000000, 0x0000000090000000|100%| E|CS|TAMS 0x000000008ff00000, 0x000000008ff00000| Complete 

Card table byte_map: [0x000001edf1920000,0x000001edf1d20000] _byte_map_base: 0x000001edf1520000

Marking Bits (Prev, Next): (CMBitMap*) 0x000001edda98edf0, (CMBitMap*) 0x000001edda98ee30
 Prev Bits: [0x000001edf2120000, 0x000001edf4120000)
 Next Bits: [0x000001edf4120000, 0x000001edf6120000)

Polling page: 0x000001edd88d0000

Metaspace:

Usage:
  Non-class:     74.75 MB used.
      Class:     11.91 MB used.
       Both:     86.66 MB used.

Virtual space:
  Non-class space:      128.00 MB reserved,      75.25 MB ( 59%) committed,  2 nodes.
      Class space:      416.00 MB reserved,      12.38 MB (  3%) committed,  1 nodes.
             Both:      544.00 MB reserved,      87.62 MB ( 16%) committed. 

Chunk freelists:
   Non-Class:  3.91 MB
       Class:  3.61 MB
        Both:  7.52 MB

MaxMetaspaceSize: 512.00 MB
CompressedClassSpaceSize: 416.00 MB
Initial GC threshold: 21.00 MB
Current GC threshold: 104.06 MB
CDS: on
MetaspaceReclaimPolicy: balanced
 - commit_granule_bytes: 65536.
 - commit_granule_words: 8192.
 - virtual_space_node_default_size: 8388608.
 - enlarge_chunks_in_place: 1.
 - new_chunks_are_fully_committed: 0.
 - uncommit_free_chunks: 1.
 - use_allocation_guard: 0.
 - handle_deallocations: 1.


Internal statistics:

num_allocs_failed_limit: 6.
num_arena_births: 1270.
num_arena_deaths: 0.
num_vsnodes_births: 3.
num_vsnodes_deaths: 0.
num_space_committed: 1402.
num_space_uncommitted: 0.
num_chunks_returned_to_freelist: 6.
num_chunks_taken_from_freelist: 5173.
num_chunk_merges: 6.
num_chunk_splits: 3304.
num_chunks_enlarged: 2074.
num_inconsistent_stats: 0.

CodeHeap 'non-profiled nmethods': size=120000Kb used=7027Kb max_used=7027Kb free=112972Kb
 bounds [0x000001ede9cc0000, 0x000001edea3a0000, 0x000001edf11f0000]
CodeHeap 'profiled nmethods': size=120000Kb used=21887Kb max_used=21887Kb free=98112Kb
 bounds [0x000001ede21f0000, 0x000001ede3760000, 0x000001ede9720000]
CodeHeap 'non-nmethods': size=5760Kb used=2418Kb max_used=2497Kb free=3342Kb
 bounds [0x000001ede9720000, 0x000001ede99b0000, 0x000001ede9cc0000]
 total_blobs=12265 nmethods=11308 adapters=869
 compilation: enabled
              stopped_count=0, restarted_count=0
 full_count=0

Compilation events (20 events):
Event: 111.547 Thread 0x000001edf8b97ee0 nmethod 12865 0x000001ede3735010 code [0x000001ede37351a0, 0x000001ede37352b8]
Event: 111.547 Thread 0x000001edf8b97ee0 12866       3       org.objectweb.asm.MethodWriter::computeMethodInfoSize (571 bytes)
Event: 111.549 Thread 0x000001edf8b97ee0 nmethod 12866 0x000001ede3735390 code [0x000001ede37356c0, 0x000001ede3736668]
Event: 111.549 Thread 0x000001edf8b97ee0 12867       3       org.objectweb.asm.MethodWriter::putMethodInfo (1274 bytes)
Event: 111.552 Thread 0x000001edf8b97ee0 nmethod 12867 0x000001ede3736d10 code [0x000001ede37373c0, 0x000001ede3739b28]
Event: 111.552 Thread 0x000001edf8b97ee0 12870       3       org.objectweb.asm.ClassReader::readShort (27 bytes)
Event: 111.553 Thread 0x000001edf8b97ee0 nmethod 12870 0x000001ede373ae10 code [0x000001ede373afa0, 0x000001ede373b118]
Event: 111.553 Thread 0x000001edf8b97ee0 12871       3       org.objectweb.asm.MethodWriter::visitLabel (332 bytes)
Event: 111.554 Thread 0x000001edf8b97ee0 nmethod 12871 0x000001ede373b210 code [0x000001ede373b480, 0x000001ede373c228]
Event: 111.554 Thread 0x000001edf8b97ee0 12872       3       org.objectweb.asm.ClassReader::readConst (276 bytes)
Event: 111.556 Thread 0x000001edf8b97ee0 nmethod 12872 0x000001ede373c490 code [0x000001ede373c900, 0x000001ede373e598]
Event: 111.556 Thread 0x000001edf8b97ee0 12868   !   3       org.gradle.util.internal.GUtil::loadProperties (39 bytes)
Event: 111.557 Thread 0x000001edf8b97ee0 nmethod 12868 0x000001ede373f010 code [0x000001ede373f280, 0x000001ede373fd08]
Event: 111.557 Thread 0x000001edf8b97ee0 12860       3       org.objectweb.asm.MethodWriter::addSuccessorToCurrentBasicBlock (24 bytes)
Event: 111.557 Thread 0x000001edf8b97ee0 nmethod 12860 0x000001ede3740290 code [0x000001ede3740440, 0x000001ede3740798]
Event: 111.558 Thread 0x000001edf8b97ee0 12873       3       org.gradle.api.internal.artifacts.configurations.DefaultConfigurationContainer_Decorated::getStore (40 bytes)
Event: 111.559 Thread 0x000001edf8b97ee0 nmethod 12873 0x000001ede3740910 code [0x000001ede3740ae0, 0x000001ede3740e78]
Event: 111.559 Thread 0x000001edf8b97ee0 12874       1       org.gradle.api.internal.artifacts.configurations.DefaultConfiguration::getIncoming (5 bytes)
Event: 111.559 Thread 0x000001edf8b97ee0 nmethod 12874 0x000001edea39c310 code [0x000001edea39c4a0, 0x000001edea39c578]
Event: 111.559 Thread 0x000001edf8b97ee0 12875       3       org.gradle.api.internal.artifacts.configurations.DefaultConfiguration::<init> (727 bytes)

GC Heap History (20 events):
Event: 27.716 GC heap before
{Heap before GC invocations=26 (full 0):
 garbage-first heap   total 112640K, used 69251K [0x0000000080000000, 0x0000000100000000)
  region size 1024K, 5 young (5120K), 2 survivors (2048K)
 Metaspace       used 62290K, committed 62976K, reserved 491520K
  class space    used 8820K, committed 9152K, reserved 425984K
}
Event: 27.718 GC heap after
{Heap after GC invocations=27 (full 0):
 garbage-first heap   total 112640K, used 65824K [0x0000000080000000, 0x0000000100000000)
  region size 1024K, 1 young (1024K), 1 survivors (1024K)
 Metaspace       used 62290K, committed 62976K, reserved 491520K
  class space    used 8820K, committed 9152K, reserved 425984K
}
Event: 28.285 GC heap before
{Heap before GC invocations=27 (full 0):
 garbage-first heap   total 112640K, used 92448K [0x0000000080000000, 0x0000000100000000)
  region size 1024K, 27 young (27648K), 1 survivors (1024K)
 Metaspace       used 63178K, committed 63872K, reserved 491520K
  class space    used 8942K, committed 9280K, reserved 425984K
}
Event: 28.357 GC heap after
{Heap after GC invocations=28 (full 0):
 garbage-first heap   total 211968K, used 68995K [0x0000000080000000, 0x0000000100000000)
  region size 1024K, 4 young (4096K), 4 survivors (4096K)
 Metaspace       used 63178K, committed 63872K, reserved 491520K
  class space    used 8942K, committed 9280K, reserved 425984K
}
Event: 30.540 GC heap before
{Heap before GC invocations=29 (full 0):
 garbage-first heap   total 211968K, used 150915K [0x0000000080000000, 0x0000000100000000)
  region size 1024K, 85 young (87040K), 4 survivors (4096K)
 Metaspace       used 67902K, committed 68672K, reserved 491520K
  class space    used 9604K, committed 9984K, reserved 425984K
}
Event: 30.548 GC heap after
{Heap after GC invocations=30 (full 0):
 garbage-first heap   total 211968K, used 74714K [0x0000000080000000, 0x0000000100000000)
  region size 1024K, 9 young (9216K), 9 survivors (9216K)
 Metaspace       used 67902K, committed 68672K, reserved 491520K
  class space    used 9604K, committed 9984K, reserved 425984K
}
Event: 30.568 GC heap before
{Heap before GC invocations=30 (full 0):
 garbage-first heap   total 211968K, used 75738K [0x0000000080000000, 0x0000000100000000)
  region size 1024K, 10 young (10240K), 9 survivors (9216K)
 Metaspace       used 68036K, committed 68800K, reserved 491520K
  class space    used 9631K, committed 9984K, reserved 425984K
}
Event: 30.574 GC heap after
{Heap after GC invocations=31 (full 0):
 garbage-first heap   total 211968K, used 74690K [0x0000000080000000, 0x0000000100000000)
  region size 1024K, 2 young (2048K), 2 survivors (2048K)
 Metaspace       used 68036K, committed 68800K, reserved 491520K
  class space    used 9631K, committed 9984K, reserved 425984K
}
Event: 44.311 GC heap before
{Heap before GC invocations=31 (full 0):
 garbage-first heap   total 211968K, used 154562K [0x0000000080000000, 0x0000000100000000)
  region size 1024K, 81 young (82944K), 2 survivors (2048K)
 Metaspace       used 75052K, committed 75840K, reserved 557056K
  class space    used 10630K, committed 11008K, reserved 425984K
}
Event: 44.318 GC heap after
{Heap after GC invocations=32 (full 0):
 garbage-first heap   total 211968K, used 80381K [0x0000000080000000, 0x0000000100000000)
  region size 1024K, 7 young (7168K), 7 survivors (7168K)
 Metaspace       used 75052K, committed 75840K, reserved 557056K
  class space    used 10630K, committed 11008K, reserved 425984K
}
Event: 63.900 GC heap before
{Heap before GC invocations=32 (full 0):
 garbage-first heap   total 211968K, used 158205K [0x0000000080000000, 0x0000000100000000)
  region size 1024K, 84 young (86016K), 7 survivors (7168K)
 Metaspace       used 78532K, committed 79424K, reserved 557056K
  class space    used 11007K, committed 11456K, reserved 425984K
}
Event: 63.910 GC heap after
{Heap after GC invocations=33 (full 0):
 garbage-first heap   total 211968K, used 87408K [0x0000000080000000, 0x0000000100000000)
  region size 1024K, 8 young (8192K), 8 survivors (8192K)
 Metaspace       used 78532K, committed 79424K, reserved 557056K
  class space    used 11007K, committed 11456K, reserved 425984K
}
Event: 88.155 GC heap before
{Heap before GC invocations=33 (full 0):
 garbage-first heap   total 211968K, used 161136K [0x0000000080000000, 0x0000000100000000)
  region size 1024K, 81 young (82944K), 8 survivors (8192K)
 Metaspace       used 78851K, committed 79808K, reserved 557056K
  class space    used 11010K, committed 11456K, reserved 425984K
}
Event: 88.163 GC heap after
{Heap after GC invocations=34 (full 0):
 garbage-first heap   total 211968K, used 90172K [0x0000000080000000, 0x0000000100000000)
  region size 1024K, 5 young (5120K), 5 survivors (5120K)
 Metaspace       used 78851K, committed 79808K, reserved 557056K
  class space    used 11010K, committed 11456K, reserved 425984K
}
Event: 92.021 GC heap before
{Heap before GC invocations=34 (full 0):
 garbage-first heap   total 211968K, used 163900K [0x0000000080000000, 0x0000000100000000)
  region size 1024K, 78 young (79872K), 5 survivors (5120K)
 Metaspace       used 78858K, committed 79808K, reserved 557056K
  class space    used 11011K, committed 11456K, reserved 425984K
}
Event: 92.027 GC heap after
{Heap after GC invocations=35 (full 0):
 garbage-first heap   total 211968K, used 91312K [0x0000000080000000, 0x0000000100000000)
  region size 1024K, 6 young (6144K), 6 survivors (6144K)
 Metaspace       used 78858K, committed 79808K, reserved 557056K
  class space    used 11011K, committed 11456K, reserved 425984K
}
Event: 109.183 GC heap before
{Heap before GC invocations=35 (full 0):
 garbage-first heap   total 211968K, used 175280K [0x0000000080000000, 0x0000000100000000)
  region size 1024K, 81 young (82944K), 6 survivors (6144K)
 Metaspace       used 83269K, committed 84224K, reserved 557056K
  class space    used 11513K, committed 11968K, reserved 425984K
}
Event: 109.189 GC heap after
{Heap after GC invocations=36 (full 0):
 garbage-first heap   total 211968K, used 104631K [0x0000000080000000, 0x0000000100000000)
  region size 1024K, 11 young (11264K), 11 survivors (11264K)
 Metaspace       used 83269K, committed 84224K, reserved 557056K
  class space    used 11513K, committed 11968K, reserved 425984K
}
Event: 111.115 GC heap before
{Heap before GC invocations=36 (full 0):
 garbage-first heap   total 211968K, used 174263K [0x0000000080000000, 0x0000000100000000)
  region size 1024K, 74 young (75776K), 11 survivors (11264K)
 Metaspace       used 87619K, committed 88576K, reserved 557056K
  class space    used 12056K, committed 12480K, reserved 425984K
}
Event: 111.125 GC heap after
{Heap after GC invocations=37 (full 0):
 garbage-first heap   total 211968K, used 111569K [0x0000000080000000, 0x0000000100000000)
  region size 1024K, 6 young (6144K), 6 survivors (6144K)
 Metaspace       used 87619K, committed 88576K, reserved 557056K
  class space    used 12056K, committed 12480K, reserved 425984K
}

Deoptimization events (20 events):
Event: 111.492 Thread 0x000001edfe989fc0 Uncommon trap: trap_request=0xffffff45 fr.pc=0x000001edea32d5c0 relative=0x0000000000001840
Event: 111.492 Thread 0x000001edfe989fc0 Uncommon trap: reason=unstable_if action=reinterpret pc=0x000001edea32d5c0 method=sun.reflect.annotation.AnnotationInvocationHandler.memberValueHashCode(Ljava/lang/Object;)I @ 9 c2
Event: 111.492 Thread 0x000001edfe989fc0 DEOPT PACKING pc=0x000001edea32d5c0 sp=0x0000008184df3a20
Event: 111.492 Thread 0x000001edfe989fc0 DEOPT UNPACKING pc=0x000001ede97723a3 sp=0x0000008184df3908 mode 2
Event: 111.499 Thread 0x000001edfe989fc0 Uncommon trap: trap_request=0xffffff45 fr.pc=0x000001edea324284 relative=0x00000000000003c4
Event: 111.499 Thread 0x000001edfe989fc0 Uncommon trap: reason=unstable_if action=reinterpret pc=0x000001edea324284 method=org.gradle.internal.reflect.PropertyAccessorType.of(Ljava/lang/reflect/Method;)Lorg/gradle/internal/reflect/PropertyAccessorType; @ 56 c2
Event: 111.499 Thread 0x000001edfe989fc0 DEOPT PACKING pc=0x000001edea324284 sp=0x0000008184df3e20
Event: 111.499 Thread 0x000001edfe989fc0 DEOPT UNPACKING pc=0x000001ede97723a3 sp=0x0000008184df3de0 mode 2
Event: 111.552 Thread 0x000001edfe989fc0 Uncommon trap: trap_request=0xffffff45 fr.pc=0x000001ede9fddfbc relative=0x000000000000013c
Event: 111.552 Thread 0x000001edfe989fc0 Uncommon trap: reason=unstable_if action=reinterpret pc=0x000001ede9fddfbc method=org.objectweb.asm.ByteVector.putByteArray([BII)Lorg/objectweb/asm/ByteVector; @ 20 c2
Event: 111.552 Thread 0x000001edfe989fc0 DEOPT PACKING pc=0x000001ede9fddfbc sp=0x0000008184df28a0
Event: 111.552 Thread 0x000001edfe989fc0 DEOPT UNPACKING pc=0x000001ede97723a3 sp=0x0000008184df2870 mode 2
Event: 111.552 Thread 0x000001edfe989fc0 Uncommon trap: trap_request=0xffffff45 fr.pc=0x000001ede9d261a0 relative=0x0000000000000a60
Event: 111.552 Thread 0x000001edfe989fc0 Uncommon trap: reason=unstable_if action=reinterpret pc=0x000001ede9d261a0 method=org.objectweb.asm.Label.resolve([BLorg/objectweb/asm/ByteVector;I)Z @ 81 c2
Event: 111.552 Thread 0x000001edfe989fc0 DEOPT PACKING pc=0x000001ede9d261a0 sp=0x0000008184df28d0
Event: 111.552 Thread 0x000001edfe989fc0 DEOPT UNPACKING pc=0x000001ede97723a3 sp=0x0000008184df27f8 mode 2
Event: 111.552 Thread 0x000001edfe989fc0 Uncommon trap: trap_request=0xffffff45 fr.pc=0x000001ede9cd6790 relative=0x0000000000000270
Event: 111.552 Thread 0x000001edfe989fc0 Uncommon trap: reason=unstable_if action=reinterpret pc=0x000001ede9cd6790 method=org.objectweb.asm.Label.resolve([BLorg/objectweb/asm/ByteVector;I)Z @ 81 c2
Event: 111.552 Thread 0x000001edfe989fc0 DEOPT PACKING pc=0x000001ede9cd6790 sp=0x0000008184df2850
Event: 111.552 Thread 0x000001edfe989fc0 DEOPT UNPACKING pc=0x000001ede97723a3 sp=0x0000008184df27e0 mode 2

Classes unloaded (0 events):
No events

Classes redefined (0 events):
No events

Internal exceptions (20 events):
Event: 64.062 Thread 0x000001edfef82f00 Exception <a 'sun/nio/fs/WindowsException'{0x000000008c91ef60}> (0x000000008c91ef60) 
thrown [s\open\src\hotspot\share\prims\jni.cpp, line 516]
Event: 86.179 Thread 0x000001edfef86bc0 Exception <a 'sun/nio/fs/WindowsException'{0x000000008c2d3fd8}> (0x000000008c2d3fd8) 
thrown [s\open\src\hotspot\share\prims\jni.cpp, line 516]
Event: 86.181 Thread 0x000001edfef86bc0 Exception <a 'sun/nio/fs/WindowsException'{0x000000008c2d68e8}> (0x000000008c2d68e8) 
thrown [s\open\src\hotspot\share\prims\jni.cpp, line 516]
Event: 86.182 Thread 0x000001edfef86bc0 Exception <a 'sun/nio/fs/WindowsException'{0x000000008c2d8f98}> (0x000000008c2d8f98) 
thrown [s\open\src\hotspot\share\prims\jni.cpp, line 516]
Event: 86.183 Thread 0x000001edfef86bc0 Exception <a 'sun/nio/fs/WindowsException'{0x000000008c2db2c0}> (0x000000008c2db2c0) 
thrown [s\open\src\hotspot\share\prims\jni.cpp, line 516]
Event: 86.188 Thread 0x000001edfef870d0 Exception <a 'sun/nio/fs/WindowsException'{0x000000008cc5a848}> (0x000000008cc5a848) 
thrown [s\open\src\hotspot\share\prims\jni.cpp, line 516]
Event: 87.112 Thread 0x000001edff7fdac0 Implicit null exception at 0x000001edea0dd284 to 0x000001edea0dd498
Event: 87.423 Thread 0x000001edfe989fc0 Implicit null exception at 0x000001edea29610a to 0x000001edea296818
Event: 87.423 Thread 0x000001edff7ff410 Implicit null exception at 0x000001edea29610a to 0x000001edea296818
Event: 92.467 Thread 0x000001edfe989fc0 Exception <a 'java/lang/ClassNotFoundException'{0x000000008c50ca20}: build_4e4te59p4ofoxp4xd3rxywntfBeanInfo> (0x000000008c50ca20) 
thrown [s\open\src\hotspot\share\classfile\systemDictionary.cpp, line 256]
Event: 92.468 Thread 0x000001edfe989fc0 Exception <a 'java/lang/ClassNotFoundException'{0x000000008c513b58}: build_4e4te59p4ofoxp4xd3rxywntfCustomizer> (0x000000008c513b58) 
thrown [s\open\src\hotspot\share\classfile\systemDictionary.cpp, line 256]
Event: 108.073 Thread 0x000001edfe989fc0 Exception <a 'java/lang/ClassNotFoundException'{0x000000008be7eb80}: org/gradle/api/internal/plugins/DefaultObjectConfigurationActionBeanInfo> (0x000000008be7eb80) 
thrown [s\open\src\hotspot\share\classfile\systemDictionary.cpp, line 256]
Event: 108.074 Thread 0x000001edfe989fc0 Exception <a 'java/lang/ClassNotFoundException'{0x000000008bea3e40}: org/gradle/api/internal/plugins/DefaultObjectConfigurationActionCustomizer> (0x000000008bea3e40) 
thrown [s\open\src\hotspot\share\classfile\systemDictionary.cpp, line 256]
Event: 108.130 Thread 0x000001edfe989fc0 Exception <a 'java/lang/ClassNotFoundException'{0x000000008bc9c0d0}: build_6nmiazg8z8drst68d5rg6m3tdBeanInfo> (0x000000008bc9c0d0) 
thrown [s\open\src\hotspot\share\classfile\systemDictionary.cpp, line 256]
Event: 108.131 Thread 0x000001edfe989fc0 Exception <a 'java/lang/ClassNotFoundException'{0x000000008bca9068}: build_6nmiazg8z8drst68d5rg6m3tdCustomizer> (0x000000008bca9068) 
thrown [s\open\src\hotspot\share\classfile\systemDictionary.cpp, line 256]
Event: 109.168 Thread 0x000001edfe989fc0 Exception <a 'sun/nio/fs/WindowsException'{0x00000000885f2a70}> (0x00000000885f2a70) 
thrown [s\open\src\hotspot\share\prims\jni.cpp, line 516]
Event: 109.444 Thread 0x000001edfe989fc0 Implicit null exception at 0x000001ede9ee100c to 0x000001ede9ee1142
Event: 109.847 Thread 0x000001edfe989fc0 Exception <a 'sun/nio/fs/WindowsException'{0x000000008b6509e8}> (0x000000008b6509e8) 
thrown [s\open\src\hotspot\share\prims\jni.cpp, line 516]
Event: 109.848 Thread 0x000001edfe989fc0 Exception <a 'sun/nio/fs/WindowsException'{0x000000008b652d18}> (0x000000008b652d18) 
thrown [s\open\src\hotspot\share\prims\jni.cpp, line 516]
Event: 111.552 Thread 0x000001edfe989fc0 Implicit null exception at 0x000001ede9fddec9 to 0x000001ede9fddf9c

VM Operations (20 events):
Event: 96.029 Executing VM operation: Cleanup
Event: 96.029 Executing VM operation: Cleanup done
Event: 98.495 Executing VM operation: HandshakeAllThreads
Event: 98.496 Executing VM operation: HandshakeAllThreads done
Event: 99.495 Executing VM operation: Cleanup
Event: 99.496 Executing VM operation: Cleanup done
Event: 108.501 Executing VM operation: Cleanup
Event: 108.501 Executing VM operation: Cleanup done
Event: 109.182 Executing VM operation: G1CollectForAllocation
Event: 109.189 Executing VM operation: G1CollectForAllocation done
Event: 109.384 Executing VM operation: HandshakeAllThreads
Event: 109.384 Executing VM operation: HandshakeAllThreads done
Event: 109.526 Executing VM operation: HandshakeAllThreads
Event: 109.537 Executing VM operation: HandshakeAllThreads done
Event: 109.846 Executing VM operation: ICBufferFull
Event: 109.846 Executing VM operation: ICBufferFull done
Event: 110.846 Executing VM operation: Cleanup
Event: 110.846 Executing VM operation: Cleanup done
Event: 111.115 Executing VM operation: G1CollectForAllocation
Event: 111.125 Executing VM operation: G1CollectForAllocation done

Events (20 events):
Event: 109.550 loading class java/util/Base64 done
Event: 109.550 loading class java/util/Base64$Decoder
Event: 109.551 loading class java/util/Base64$Decoder done
Event: 109.551 loading class java/util/Base64$Encoder
Event: 109.551 Thread 0x000001edf8b8b210 flushing nmethod 0x000001ede2c78e90
Event: 109.551 loading class java/util/Base64$Encoder done
Event: 109.553 loading class java/util/jar/JarVerifier$VerifierStream
Event: 109.553 loading class java/util/jar/JarVerifier$VerifierStream done
Event: 109.553 loading class sun/security/util/ManifestEntryVerifier$SunProviderHolder
Event: 109.554 loading class sun/security/util/ManifestEntryVerifier$SunProviderHolder done
Event: 109.557 Thread 0x000001edf8b8b210 flushing nmethod 0x000001ede33bf310
Event: 109.845 loading class java/security/KeyStore$ProtectionParameter
Event: 109.845 loading class java/security/KeyStore$ProtectionParameter done
Event: 110.335 Thread 0x000001ed9b319b80 Thread exited: 0x000001ed9b319b80
Event: 111.003 loading class java/security/KeyStore
Event: 111.004 loading class java/security/KeyStore done
Event: 111.004 loading class java/security/KeyStore$1
Event: 111.005 loading class java/security/KeyStore$1 done
Event: 111.447 loading class javax/xml/stream/XMLStreamException
Event: 111.447 loading class javax/xml/stream/XMLStreamException done


Dynamic libraries:
0x00007ff612dc0000 - 0x00007ff612dd0000 	C:\Program Files\Java\jdk-17\bin\java.exe
0x00007ffaaeed0000 - 0x00007ffaaf0c8000 	C:\Windows\SYSTEM32\ntdll.dll
0x00007ffaad480000 - 0x00007ffaad542000 	C:\Windows\System32\KERNEL32.DLL
0x00007ffaac990000 - 0x00007ffaacc8e000 	C:\Windows\System32\KERNELBASE.dll
0x00007ffaac5e0000 - 0x00007ffaac6e0000 	C:\Windows\System32\ucrtbase.dll
0x00007ffa8c090000 - 0x00007ffa8c0a9000 	C:\Program Files\Java\jdk-17\bin\jli.dll
0x00007ffa8c0b0000 - 0x00007ffa8c0cb000 	C:\Program Files\Java\jdk-17\bin\VCRUNTIME140.dll
0x00007ffaad850000 - 0x00007ffaad901000 	C:\Windows\System32\ADVAPI32.dll
0x00007ffaacf70000 - 0x00007ffaad00e000 	C:\Windows\System32\msvcrt.dll
0x00007ffaae6b0000 - 0x00007ffaae74f000 	C:\Windows\System32\sechost.dll
0x00007ffaaec20000 - 0x00007ffaaed43000 	C:\Windows\System32\RPCRT4.dll
0x00007ffaac800000 - 0x00007ffaac827000 	C:\Windows\System32\bcrypt.dll
0x00007ffaae8b0000 - 0x00007ffaaea4d000 	C:\Windows\System32\USER32.dll
0x00007ffa927a0000 - 0x00007ffa92a3a000 	C:\Windows\WinSxS\amd64_microsoft.windows.common-controls_6595b64144ccf1df_6.0.19041.4355_none_60b8b9eb71f62e16\COMCTL32.dll
0x00007ffaac5b0000 - 0x00007ffaac5d2000 	C:\Windows\System32\win32u.dll
0x00007ffaae880000 - 0x00007ffaae8ab000 	C:\Windows\System32\GDI32.dll
0x00007ffaac6e0000 - 0x00007ffaac7f7000 	C:\Windows\System32\gdi32full.dll
0x00007ffaacd70000 - 0x00007ffaace0d000 	C:\Windows\System32\msvcp_win.dll
0x00007ffaa3ee0000 - 0x00007ffaa3eea000 	C:\Windows\SYSTEM32\VERSION.dll
0x00007ffaadd00000 - 0x00007ffaadd2f000 	C:\Windows\System32\IMM32.DLL
0x00007ffa8e6c0000 - 0x00007ffa8e6cc000 	C:\Program Files\Java\jdk-17\bin\vcruntime140_1.dll
0x00007ffa7c550000 - 0x00007ffa7c5de000 	C:\Program Files\Java\jdk-17\bin\msvcp140.dll
0x00007ffa2c0d0000 - 0x00007ffa2ccb0000 	C:\Program Files\Java\jdk-17\bin\server\jvm.dll
0x00007ffaadd40000 - 0x00007ffaadd48000 	C:\Windows\System32\PSAPI.DLL
0x00007ffa90f00000 - 0x00007ffa90f09000 	C:\Windows\SYSTEM32\WSOCK32.dll
0x00007ffaa3030000 - 0x00007ffaa3057000 	C:\Windows\SYSTEM32\WINMM.dll
0x00007ffaad700000 - 0x00007ffaad76b000 	C:\Windows\System32\WS2_32.dll
0x00007ffaaa3a0000 - 0x00007ffaaa3b2000 	C:\Windows\SYSTEM32\kernel.appcore.dll
0x00007ffa8dcd0000 - 0x00007ffa8dcda000 	C:\Program Files\Java\jdk-17\bin\jimage.dll
0x00007ffa9e5f0000 - 0x00007ffa9e7d4000 	C:\Windows\SYSTEM32\DBGHELP.DLL
0x00007ffa94390000 - 0x00007ffa943c4000 	C:\Windows\SYSTEM32\dbgcore.DLL
0x00007ffaacce0000 - 0x00007ffaacd62000 	C:\Windows\System32\bcryptPrimitives.dll
0x00007ffa88fb0000 - 0x00007ffa88fbe000 	C:\Program Files\Java\jdk-17\bin\instrument.dll
0x00007ffa86620000 - 0x00007ffa86645000 	C:\Program Files\Java\jdk-17\bin\java.dll
0x00007ffa7c470000 - 0x00007ffa7c547000 	C:\Program Files\Java\jdk-17\bin\jsvml.dll
0x00007ffaaddb0000 - 0x00007ffaae51d000 	C:\Windows\System32\SHELL32.dll
0x00007ffaaa5a0000 - 0x00007ffaaad44000 	C:\Windows\SYSTEM32\windows.storage.dll
0x00007ffaad9a0000 - 0x00007ffaadcf3000 	C:\Windows\System32\combase.dll
0x00007ffaabe90000 - 0x00007ffaabebe000 	C:\Windows\SYSTEM32\Wldp.dll
0x00007ffaad550000 - 0x00007ffaad61d000 	C:\Windows\System32\OLEAUT32.dll
0x00007ffaaedb0000 - 0x00007ffaaee5d000 	C:\Windows\System32\SHCORE.dll
0x00007ffaaed50000 - 0x00007ffaaeda5000 	C:\Windows\System32\shlwapi.dll
0x00007ffaac470000 - 0x00007ffaac494000 	C:\Windows\SYSTEM32\profapi.dll
0x00007ffa88720000 - 0x00007ffa88738000 	C:\Program Files\Java\jdk-17\bin\zip.dll
0x00007ffa89da0000 - 0x00007ffa89db9000 	C:\Program Files\Java\jdk-17\bin\net.dll
0x00007ffaa5090000 - 0x00007ffaa519d000 	C:\Windows\SYSTEM32\WINHTTP.dll
0x00007ffaabc70000 - 0x00007ffaabcda000 	C:\Windows\system32\mswsock.dll
0x00007ffa88b50000 - 0x00007ffa88b66000 	C:\Program Files\Java\jdk-17\bin\nio.dll
0x00007ffa8ce70000 - 0x00007ffa8ce80000 	C:\Program Files\Java\jdk-17\bin\verify.dll
0x00007ffa86140000 - 0x00007ffa86167000 	C:\gradle\gradle-8.10.2\native\c067742578af261105cb4f569cf0c3c89f3d7b1fecec35dd04571415982c5e48\windows-amd64\native-platform.dll
0x00007ffa6f550000 - 0x00007ffa6f694000 	C:\gradle\gradle-8.10.2\native\100fb08df4bc3b14c8652ba06237920a3bd2aa13389f12d3474272988ae205f9\windows-amd64\native-platform-file-events.dll
0x00007ffa89190000 - 0x00007ffa8919a000 	C:\Program Files\Java\jdk-17\bin\management.dll
0x00007ffa890e0000 - 0x00007ffa890eb000 	C:\Program Files\Java\jdk-17\bin\management_ext.dll
0x00007ffaabed0000 - 0x00007ffaabee8000 	C:\Windows\SYSTEM32\CRYPTSP.dll
0x00007ffaab540000 - 0x00007ffaab574000 	C:\Windows\system32\rsaenh.dll
0x00007ffaac3f0000 - 0x00007ffaac41e000 	C:\Windows\SYSTEM32\USERENV.dll
0x00007ffaabe00000 - 0x00007ffaabe0c000 	C:\Windows\SYSTEM32\CRYPTBASE.dll
0x00007ffaab920000 - 0x00007ffaab95b000 	C:\Windows\SYSTEM32\IPHLPAPI.DLL
0x00007ffaadd30000 - 0x00007ffaadd38000 	C:\Windows\System32\NSI.dll
0x00007ffaa6b90000 - 0x00007ffaa6ba7000 	C:\Windows\SYSTEM32\dhcpcsvc6.DLL
0x00007ffaa6af0000 - 0x00007ffaa6b0d000 	C:\Windows\SYSTEM32\dhcpcsvc.DLL
0x00007ffaab970000 - 0x00007ffaaba3a000 	C:\Windows\SYSTEM32\DNSAPI.dll
0x00007ffa88e30000 - 0x00007ffa88e3e000 	C:\Program Files\Java\jdk-17\bin\sunmscapi.dll
0x00007ffaac830000 - 0x00007ffaac98c000 	C:\Windows\System32\CRYPT32.dll
0x00007ffaabfe0000 - 0x00007ffaac007000 	C:\Windows\SYSTEM32\ncrypt.dll
0x00007ffaabfa0000 - 0x00007ffaabfdb000 	C:\Windows\SYSTEM32\NTASN1.dll
0x00007ffa97b10000 - 0x00007ffa97b17000 	C:\Windows\system32\wshunix.dll
0x00007ffa90a00000 - 0x00007ffa90a17000 	C:\Windows\system32\napinsp.dll
0x00007ffa909e0000 - 0x00007ffa909fb000 	C:\Windows\system32\pnrpnsp.dll
0x00007ffa909c0000 - 0x00007ffa909d5000 	C:\Windows\system32\wshbth.dll
0x00007ffaa7090000 - 0x00007ffaa70ad000 	C:\Windows\system32\NLAapi.dll
0x00007ffa957e0000 - 0x00007ffa957f2000 	C:\Windows\System32\winrnr.dll
0x00007ffaa0d00000 - 0x00007ffaa0d0a000 	C:\Windows\System32\rasadhlp.dll
0x00007ffaa4e10000 - 0x00007ffaa4e90000 	C:\Windows\System32\fwpuclnt.dll
0x00007ffa86e90000 - 0x00007ffa86eae000 	C:\Users\\AppData\Local\Temp\native-platform10773163705694045985dir\native-platform.dll
0x00007ffa88bf0000 - 0x00007ffa88bf7000 	C:\Program Files\Java\jdk-17\bin\rmi.dll

dbghelp: loaded successfully - version: 4.0.5 - missing functions: none
symbol engine: initialized successfully - sym options: 0x614 - pdb path: .;C:\Program Files\Java\jdk-17\bin;C:\Windows\SYSTEM32;C:\Windows\WinSxS\amd64_microsoft.windows.common-controls_6595b64144ccf1df_6.0.19041.4355_none_60b8b9eb71f62e16;C:\Program Files\Java\jdk-17\bin\server;C:\gradle\gradle-8.10.2\native\c067742578af261105cb4f569cf0c3c89f3d7b1fecec35dd04571415982c5e48\windows-amd64;C:\gradle\gradle-8.10.2\native\100fb08df4bc3b14c8652ba06237920a3bd2aa13389f12d3474272988ae205f9\windows-amd64;C:\Users\\AppData\Local\Temp\native-platform10773163705694045985dir

VM Arguments:
jvm_args: -XX:MaxMetaspaceSize=512m --add-opens=java.base/java.util=ALL-UNNAMED --add-opens=java.base/java.lang=ALL-UNNAMED --add-opens=java.base/java.lang.invoke=ALL-UNNAMED --add-opens=java.prefs/java.util.prefs=ALL-UNNAMED --add-exports=jdk.compiler/com.sun.tools.javac.api=ALL-UNNAMED --add-exports=jdk.compiler/com.sun.tools.javac.util=ALL-UNNAMED --add-opens=java.base/java.nio.charset=ALL-UNNAMED --add-opens=java.base/java.net=ALL-UNNAMED --add-opens=java.base/java.util.concurrent.atomic=ALL-UNNAMED -Xmx2048m -Dfile.encoding=windows-1251 -Duser.country=RU -Duser.language=ru -Duser.variant -javaagent:C:\gradle\gradle-8.10.2\wrapper\dists\gradle-8.10.2-all\7iv73wktx1xtkvlq19urqw1wm\gradle-8.10.2\lib\agents\gradle-instrumentation-agent-8.10.2.jar 
java_command: org.gradle.launcher.daemon.bootstrap.GradleDaemon 8.10.2
java_class_path (initial): C:\gradle\gradle-8.10.2\wrapper\dists\gradle-8.10.2-all\7iv73wktx1xtkvlq19urqw1wm\gradle-8.10.2\lib\gradle-daemon-main-8.10.2.jar
Launcher Type: SUN_STANDARD

[Global flags]
     intx CICompilerCount                          = 4                                         {product} {ergonomic}
   size_t CompressedClassSpaceSize                 = 436207616                                 {product} {ergonomic}
     uint ConcGCThreads                            = 2                                         {product} {ergonomic}
     uint G1ConcRefinementThreads                  = 8                                         {product} {ergonomic}
   size_t G1HeapRegionSize                         = 1048576                                   {product} {ergonomic}
    uintx GCDrainStackTargetSize                   = 64                                        {product} {ergonomic}
   size_t InitialHeapSize                          = 268435456                                 {product} {ergonomic}
   size_t MarkStackSize                            = 4194304                                   {product} {ergonomic}
   size_t MaxHeapSize                              = 2147483648                                {product} {command line}
   size_t MaxMetaspaceSize                         = 536870912                                 {product} {command line}
   size_t MaxNewSize                               = 1287651328                                {product} {ergonomic}
   size_t MinHeapDeltaBytes                        = 1048576                                   {product} {ergonomic}
   size_t MinHeapSize                              = 8388608                                   {product} {ergonomic}
    uintx NonNMethodCodeHeapSize                   = 5839372                                {pd product} {ergonomic}
    uintx NonProfiledCodeHeapSize                  = 122909434                              {pd product} {ergonomic}
    uintx ProfiledCodeHeapSize                     = 122909434                              {pd product} {ergonomic}
    uintx ReservedCodeCacheSize                    = 251658240                              {pd product} {ergonomic}
     bool SegmentedCodeCache                       = true                                      {product} {ergonomic}
   size_t SoftMaxHeapSize                          = 2147483648                             {manageable} {ergonomic}
     bool UseCompressedClassPointers               = true                           {product lp64_product} {ergonomic}
     bool UseCompressedOops                        = true                           {product lp64_product} {ergonomic}
     bool UseG1GC                                  = true                                      {product} {ergonomic}
     bool UseLargePagesIndividualAllocation        = false                                  {pd product} {ergonomic}

Logging:
Log output configuration:
 #0: stdout all=warning uptime,level,tags
 #1: stderr all=off uptime,level,tags

Environment Variables:
JAVA_HOME=C:\Program Files\Java\jdk-17
CLASSPATH=C:\Users\Autoservice_front\android\\gradle\wrapper\gradle-wrapper.jar
PATH=C:\Users\E8E5~1\AppData\Local\Temp\yarn--1736016052575-0.7030977476454932;C:\Users\Autoservice_front\node_modules\.bin;C:\Users\\AppData\Local\Yarn\Data\link\node_modules\.bin;C:\Users\\AppData\Local\Yarn\bin;C:\Program Files\libexec\lib\node_modules\npm\bin\node-gyp-bin;C:\Program Files\lib\node_modules\npm\bin\node-gyp-bin;C:\Program Files\nodejs\node_modules\npm\bin\node-gyp-bin;C:\Program Files\Microsoft MPI\Bin\;C:\Program Files\Java\jdk-17\bin;C:\Program Files\Common Files\Oracle\Java\javapath;C:\Windows\system32;C:\Windows;C:\Windows\System32\Wbem;C:\Windows\System32\WindowsPowerShell\v1.0\;C:\Windows\System32\OpenSSH\;C:\Program Files\Java\jdk-19\bin;%CATALINA_HOME%\bin;%JRE_HOME%\bin;C:\Program Files\Microsoft SQL Server\150\Tools\Binn\;C:\Program Files\Microsoft SQL Server\Client SDK\ODBC\170\Tools\Binn\;C:\Program Files (x86)\Microsoft SQL Server\160\Tools\Binn\;C:\Program Files\Microsoft SQL Server\160\Tools\Binn\;C:\Program Files\Microsoft SQL Server\160\DTS\Binn\;C:\Program Files (x86)\Microsoft SQL Server\160\DTS\Binn\;C:\Program Files\Azure Data Studio\bin;C:\Program Files\dotnet\;C:\php;C:\Program Files\MySQL\MySQL Server 8.0\bin;C:\Program Files\Docker\Docker\resources\bin;C:\Program Files\Git\cmd;C:\Program Files (x86)\TaoFramework\lib;C:\Users\\1.1\Binaries\OpenTK\Release;C:\Users\\AppData\Roaming\nvm;C:\Program Files\nodejs;C:\ProgramData\chocolatey\bin;C:\gradle\gradle-8.10.2\bin;C:\Program Files\Redis;C:\Program Files\nodejs\;C:\Program Files\Java\jdk-17\bin;C:\Users\\AppData\Local\Programs\Python\Python312\Scripts\;C:\Users\\AppData\Local\Programs\Python\Python312\;C:\Program Files\MySQL\MySQL Shell 8.0\bin\;C:\Users\\AppData\Local\Microsoft\WindowsApps;C:\Program Files\JetBrains\IntelliJ IDEA Community Edition 2023.2.4\bin;;C:\Program Files\Azure Data Studio\bin;C:\Users\\.dotnet\tools;C:\Users\\AppData\Local\GitHubDesktop\bin;C:\Users\\AppData\Local\Programs\Microsoft VS Code\bin;C:\Progra
USERNAME=
OS=Windows_NT
PROCESSOR_IDENTIFIER=Intel64 Family 6 Model 165 Stepping 3, GenuineIntel



---------------  S Y S T E M  ---------------

OS:
 Windows 10 , 64 bit Build 19041 (10.0.19041.5198)
OS uptime: 1 days 20:59 hours
Hyper-V role detected

CPU: total 8 (initial active 8) (4 cores per cpu, 2 threads per core) family 6 model 165 stepping 3 microcode 0xf4, cx8, cmov, fxsr, ht, mmx, 3dnowpref, sse, sse2, sse3, ssse3, sse4.1, sse4.2, popcnt, lzcnt, tsc, tscinvbit, avx, avx2, aes, erms, clmul, bmi1, bmi2, adx, fma, vzeroupper, clflush, clflushopt, hv

Memory: 4k page, system-wide physical 16279M (369M free)
TotalPageFile size 65431M (AvailPageFile size 2M)
current process WorkingSet (physical memory assigned to process): 453M, peak: 453M
current process commit charge ("private bytes"): 510M, peak: 511M

vm_info: Java HotSpot(TM) 64-Bit Server VM (17.0.12+8-LTS-286) for windows-amd64 JRE (17.0.12+8-LTS-286), built on Jun  5 2024 06:46:59 by "mach5one" with MS VC++ 17.6 (VS2022)

END.
